{"/Users/amritchand/Desktop/tutor-bridge-web/backend/server.js": {"path":"/Users/amritchand/Desktop/tutor-bridge-web/backend/server.js","statementMap":{"0":{"start":{"line":1,"column":0},"end":{"line":1,"column":27}},"1":{"start":{"line":3,"column":16},"end":{"line":3,"column":34}},"2":{"start":{"line":4,"column":13},"end":{"line":4,"column":28}},"3":{"start":{"line":5,"column":13},"end":{"line":5,"column":35}},"4":{"start":{"line":6,"column":19},"end":{"line":6,"column":49}},"5":{"start":{"line":7,"column":29},"end":{"line":7,"column":69}},"6":{"start":{"line":8,"column":28},"end":{"line":8,"column":67}},"7":{"start":{"line":9,"column":27},"end":{"line":9,"column":65}},"8":{"start":{"line":10,"column":22},"end":{"line":10,"column":55}},"9":{"start":{"line":11,"column":22},"end":{"line":11,"column":55}},"10":{"start":{"line":12,"column":19},"end":{"line":12,"column":49}},"11":{"start":{"line":13,"column":21},"end":{"line":13,"column":53}},"12":{"start":{"line":14,"column":27},"end":{"line":14,"column":65}},"13":{"start":{"line":15,"column":22},"end":{"line":15,"column":57}},"14":{"start":{"line":16,"column":13},"end":{"line":16,"column":28}},"15":{"start":{"line":18,"column":12},"end":{"line":18,"column":21}},"16":{"start":{"line":19,"column":19},"end":{"line":19,"column":41}},"17":{"start":{"line":20,"column":0},"end":{"line":20,"column":31}},"18":{"start":{"line":23,"column":0},"end":{"line":23,"column":16}},"19":{"start":{"line":24,"column":0},"end":{"line":24,"column":24}},"20":{"start":{"line":27,"column":0},"end":{"line":27,"column":34}},"21":{"start":{"line":28,"column":0},"end":{"line":28,"column":55}},"22":{"start":{"line":29,"column":0},"end":{"line":29,"column":53}},"23":{"start":{"line":30,"column":0},"end":{"line":30,"column":50}},"24":{"start":{"line":31,"column":0},"end":{"line":31,"column":40}},"25":{"start":{"line":32,"column":0},"end":{"line":32,"column":40}},"26":{"start":{"line":33,"column":0},"end":{"line":33,"column":34}},"27":{"start":{"line":34,"column":0},"end":{"line":34,"column":38}},"28":{"start":{"line":35,"column":0},"end":{"line":35,"column":50}},"29":{"start":{"line":38,"column":0},"end":{"line":40,"column":3}},"30":{"start":{"line":39,"column":2},"end":{"line":39,"column":52}},"31":{"start":{"line":43,"column":0},"end":{"line":59,"column":3}},"32":{"start":{"line":44,"column":2},"end":{"line":58,"column":3}},"33":{"start":{"line":45,"column":19},"end":{"line":45,"column":51}},"34":{"start":{"line":47,"column":4},"end":{"line":51,"column":7}},"35":{"start":{"line":53,"column":4},"end":{"line":57,"column":7}},"36":{"start":{"line":62,"column":13},"end":{"line":62,"column":37}},"37":{"start":{"line":65,"column":0},"end":{"line":69,"column":1}},"38":{"start":{"line":66,"column":2},"end":{"line":68,"column":5}},"39":{"start":{"line":67,"column":4},"end":{"line":67,"column":62}},"40":{"start":{"line":72,"column":0},"end":{"line":72,"column":21}}},"fnMap":{"0":{"name":"(anonymous_0)","decl":{"start":{"line":38,"column":13},"end":{"line":38,"column":14}},"loc":{"start":{"line":38,"column":27},"end":{"line":40,"column":1}},"line":38},"1":{"name":"(anonymous_1)","decl":{"start":{"line":43,"column":21},"end":{"line":43,"column":22}},"loc":{"start":{"line":43,"column":41},"end":{"line":59,"column":1}},"line":43},"2":{"name":"(anonymous_2)","decl":{"start":{"line":66,"column":26},"end":{"line":66,"column":27}},"loc":{"start":{"line":66,"column":32},"end":{"line":68,"column":3}},"line":66}},"branchMap":{"0":{"loc":{"start":{"line":62,"column":13},"end":{"line":62,"column":37}},"type":"binary-expr","locations":[{"start":{"line":62,"column":13},"end":{"line":62,"column":29}},{"start":{"line":62,"column":33},"end":{"line":62,"column":37}}],"line":62},"1":{"loc":{"start":{"line":65,"column":0},"end":{"line":69,"column":1}},"type":"if","locations":[{"start":{"line":65,"column":0},"end":{"line":69,"column":1}},{"start":{},"end":{}}],"line":65}},"s":{"0":10,"1":10,"2":10,"3":10,"4":10,"5":10,"6":10,"7":10,"8":10,"9":10,"10":10,"11":10,"12":10,"13":10,"14":10,"15":10,"16":10,"17":10,"18":10,"19":10,"20":10,"21":10,"22":10,"23":10,"24":10,"25":10,"26":10,"27":10,"28":10,"29":10,"30":0,"31":10,"32":0,"33":0,"34":0,"35":0,"36":10,"37":10,"38":0,"39":0,"40":10},"f":{"0":0,"1":0,"2":0},"b":{"0":[10,0],"1":[0,10]},"_coverageSchema":"1a1c01bbd47fc00a2c39e90264f33305004495a9","hash":"2917fb931d2e07ecc5bc47385d507f3ad7cccd06"}
,"/Users/amritchand/Desktop/tutor-bridge-web/backend/config/cloudinary.js": {"path":"/Users/amritchand/Desktop/tutor-bridge-web/backend/config/cloudinary.js","statementMap":{"0":{"start":{"line":1,"column":19},"end":{"line":1,"column":43}},"1":{"start":{"line":2,"column":0},"end":{"line":2,"column":27}},"2":{"start":{"line":4,"column":0},"end":{"line":8,"column":3}},"3":{"start":{"line":10,"column":0},"end":{"line":10,"column":28}}},"fnMap":{},"branchMap":{},"s":{"0":10,"1":10,"2":10,"3":10},"f":{},"b":{},"_coverageSchema":"1a1c01bbd47fc00a2c39e90264f33305004495a9","hash":"fa685b220860616c990803318a8abe1d91789234"}
,"/Users/amritchand/Desktop/tutor-bridge-web/backend/controllers/bookingController.js": {"path":"/Users/amritchand/Desktop/tutor-bridge-web/backend/controllers/bookingController.js","statementMap":{"0":{"start":{"line":8,"column":4},"end":{"line":8,"column":37}},"1":{"start":{"line":9,"column":31},"end":{"line":9,"column":69}},"2":{"start":{"line":10,"column":23},"end":{"line":10,"column":59}},"3":{"start":{"line":12,"column":22},"end":{"line":22,"column":1}},"4":{"start":{"line":13,"column":2},"end":{"line":21,"column":3}},"5":{"start":{"line":14,"column":21},"end":{"line":14,"column":65}},"6":{"start":{"line":15,"column":4},"end":{"line":15,"column":39}},"7":{"start":{"line":17,"column":4},"end":{"line":20,"column":7}},"8":{"start":{"line":24,"column":27},"end":{"line":34,"column":1}},"9":{"start":{"line":25,"column":2},"end":{"line":33,"column":3}},"10":{"start":{"line":26,"column":21},"end":{"line":26,"column":63}},"11":{"start":{"line":27,"column":4},"end":{"line":27,"column":39}},"12":{"start":{"line":29,"column":4},"end":{"line":32,"column":7}},"13":{"start":{"line":36,"column":28},"end":{"line":46,"column":1}},"14":{"start":{"line":37,"column":2},"end":{"line":45,"column":3}},"15":{"start":{"line":38,"column":21},"end":{"line":38,"column":43}},"16":{"start":{"line":39,"column":4},"end":{"line":39,"column":39}},"17":{"start":{"line":41,"column":4},"end":{"line":44,"column":7}},"18":{"start":{"line":48,"column":27},"end":{"line":76,"column":1}},"19":{"start":{"line":49,"column":2},"end":{"line":75,"column":3}},"20":{"start":{"line":50,"column":20},"end":{"line":50,"column":55}},"21":{"start":{"line":51,"column":4},"end":{"line":53,"column":5}},"22":{"start":{"line":52,"column":6},"end":{"line":52,"column":68}},"23":{"start":{"line":54,"column":4},"end":{"line":56,"column":5}},"24":{"start":{"line":55,"column":6},"end":{"line":55,"column":88}},"25":{"start":{"line":58,"column":20},"end":{"line":58,"column":54}},"26":{"start":{"line":60,"column":20},"end":{"line":60,"column":38}},"27":{"start":{"line":61,"column":4},"end":{"line":61,"column":58}},"28":{"start":{"line":62,"column":4},"end":{"line":62,"column":56}},"29":{"start":{"line":63,"column":4},"end":{"line":63,"column":88}},"30":{"start":{"line":64,"column":4},"end":{"line":64,"column":86}},"31":{"start":{"line":66,"column":4},"end":{"line":69,"column":7}},"32":{"start":{"line":71,"column":4},"end":{"line":74,"column":7}},"33":{"start":{"line":78,"column":27},"end":{"line":104,"column":1}},"34":{"start":{"line":79,"column":2},"end":{"line":103,"column":3}},"35":{"start":{"line":80,"column":23},"end":{"line":80,"column":31}},"36":{"start":{"line":81,"column":4},"end":{"line":83,"column":5}},"37":{"start":{"line":82,"column":6},"end":{"line":82,"column":81}},"38":{"start":{"line":85,"column":20},"end":{"line":85,"column":55}},"39":{"start":{"line":86,"column":4},"end":{"line":88,"column":5}},"40":{"start":{"line":87,"column":6},"end":{"line":87,"column":68}},"41":{"start":{"line":89,"column":4},"end":{"line":91,"column":5}},"42":{"start":{"line":90,"column":6},"end":{"line":90,"column":88}},"43":{"start":{"line":93,"column":20},"end":{"line":93,"column":62}},"44":{"start":{"line":94,"column":4},"end":{"line":97,"column":7}},"45":{"start":{"line":99,"column":4},"end":{"line":102,"column":7}},"46":{"start":{"line":106,"column":0},"end":{"line":112,"column":2}}},"fnMap":{"0":{"name":"(anonymous_0)","decl":{"start":{"line":12,"column":22},"end":{"line":12,"column":23}},"loc":{"start":{"line":12,"column":42},"end":{"line":22,"column":1}},"line":12},"1":{"name":"(anonymous_1)","decl":{"start":{"line":24,"column":27},"end":{"line":24,"column":28}},"loc":{"start":{"line":24,"column":47},"end":{"line":34,"column":1}},"line":24},"2":{"name":"(anonymous_2)","decl":{"start":{"line":36,"column":28},"end":{"line":36,"column":29}},"loc":{"start":{"line":36,"column":48},"end":{"line":46,"column":1}},"line":36},"3":{"name":"(anonymous_3)","decl":{"start":{"line":48,"column":27},"end":{"line":48,"column":28}},"loc":{"start":{"line":48,"column":47},"end":{"line":76,"column":1}},"line":48},"4":{"name":"(anonymous_4)","decl":{"start":{"line":78,"column":27},"end":{"line":78,"column":28}},"loc":{"start":{"line":78,"column":47},"end":{"line":104,"column":1}},"line":78}},"branchMap":{"0":{"loc":{"start":{"line":51,"column":4},"end":{"line":53,"column":5}},"type":"if","locations":[{"start":{"line":51,"column":4},"end":{"line":53,"column":5}},{"start":{},"end":{}}],"line":51},"1":{"loc":{"start":{"line":54,"column":4},"end":{"line":56,"column":5}},"type":"if","locations":[{"start":{"line":54,"column":4},"end":{"line":56,"column":5}},{"start":{},"end":{}}],"line":54},"2":{"loc":{"start":{"line":81,"column":4},"end":{"line":83,"column":5}},"type":"if","locations":[{"start":{"line":81,"column":4},"end":{"line":83,"column":5}},{"start":{},"end":{}}],"line":81},"3":{"loc":{"start":{"line":86,"column":4},"end":{"line":88,"column":5}},"type":"if","locations":[{"start":{"line":86,"column":4},"end":{"line":88,"column":5}},{"start":{},"end":{}}],"line":86},"4":{"loc":{"start":{"line":89,"column":4},"end":{"line":91,"column":5}},"type":"if","locations":[{"start":{"line":89,"column":4},"end":{"line":91,"column":5}},{"start":{},"end":{}}],"line":89}},"s":{"0":10,"1":10,"2":10,"3":10,"4":1,"5":1,"6":1,"7":0,"8":10,"9":1,"10":1,"11":1,"12":0,"13":10,"14":1,"15":1,"16":1,"17":0,"18":10,"19":3,"20":3,"21":3,"22":1,"23":2,"24":1,"25":1,"26":1,"27":1,"28":1,"29":1,"30":1,"31":1,"32":0,"33":10,"34":2,"35":2,"36":2,"37":1,"38":1,"39":1,"40":0,"41":1,"42":0,"43":1,"44":1,"45":0,"46":10},"f":{"0":1,"1":1,"2":1,"3":3,"4":2},"b":{"0":[1,2],"1":[1,1],"2":[1,1],"3":[0,1],"4":[0,1]},"_coverageSchema":"1a1c01bbd47fc00a2c39e90264f33305004495a9","hash":"4ac3b891460d712c50001b9543c657121753b3fc"}
,"/Users/amritchand/Desktop/tutor-bridge-web/backend/controllers/chatController.js": {"path":"/Users/amritchand/Desktop/tutor-bridge-web/backend/controllers/chatController.js","statementMap":{"0":{"start":{"line":1,"column":51},"end":{"line":1,"column":81}},"1":{"start":{"line":2,"column":36},"end":{"line":2,"column":69}},"2":{"start":{"line":4,"column":20},"end":{"line":20,"column":1}},"3":{"start":{"line":5,"column":2},"end":{"line":19,"column":3}},"4":{"start":{"line":6,"column":24},"end":{"line":6,"column":46}},"5":{"start":{"line":7,"column":20},"end":{"line":7,"column":80}},"6":{"start":{"line":8,"column":4},"end":{"line":10,"column":5}},"7":{"start":{"line":9,"column":6},"end":{"line":9,"column":99}},"8":{"start":{"line":12,"column":21},"end":{"line":12,"column":81}},"9":{"start":{"line":13,"column":4},"end":{"line":13,"column":39}},"10":{"start":{"line":15,"column":4},"end":{"line":18,"column":7}},"11":{"start":{"line":22,"column":20},"end":{"line":43,"column":1}},"12":{"start":{"line":23,"column":2},"end":{"line":42,"column":3}},"13":{"start":{"line":24,"column":24},"end":{"line":24,"column":32}},"14":{"start":{"line":25,"column":4},"end":{"line":27,"column":5}},"15":{"start":{"line":26,"column":6},"end":{"line":26,"column":74}},"16":{"start":{"line":29,"column":24},"end":{"line":29,"column":46}},"17":{"start":{"line":30,"column":20},"end":{"line":30,"column":80}},"18":{"start":{"line":31,"column":4},"end":{"line":33,"column":5}},"19":{"start":{"line":32,"column":6},"end":{"line":32,"column":99}},"20":{"start":{"line":35,"column":24},"end":{"line":35,"column":110}},"21":{"start":{"line":36,"column":4},"end":{"line":36,"column":42}},"22":{"start":{"line":38,"column":4},"end":{"line":41,"column":7}},"23":{"start":{"line":45,"column":0},"end":{"line":45,"column":46}}},"fnMap":{"0":{"name":"(anonymous_0)","decl":{"start":{"line":4,"column":20},"end":{"line":4,"column":21}},"loc":{"start":{"line":4,"column":40},"end":{"line":20,"column":1}},"line":4},"1":{"name":"(anonymous_1)","decl":{"start":{"line":22,"column":20},"end":{"line":22,"column":21}},"loc":{"start":{"line":22,"column":40},"end":{"line":43,"column":1}},"line":22}},"branchMap":{"0":{"loc":{"start":{"line":8,"column":4},"end":{"line":10,"column":5}},"type":"if","locations":[{"start":{"line":8,"column":4},"end":{"line":10,"column":5}},{"start":{},"end":{}}],"line":8},"1":{"loc":{"start":{"line":25,"column":4},"end":{"line":27,"column":5}},"type":"if","locations":[{"start":{"line":25,"column":4},"end":{"line":27,"column":5}},{"start":{},"end":{}}],"line":25},"2":{"loc":{"start":{"line":25,"column":8},"end":{"line":25,"column":35}},"type":"binary-expr","locations":[{"start":{"line":25,"column":8},"end":{"line":25,"column":16}},{"start":{"line":25,"column":20},"end":{"line":25,"column":35}}],"line":25},"3":{"loc":{"start":{"line":31,"column":4},"end":{"line":33,"column":5}},"type":"if","locations":[{"start":{"line":31,"column":4},"end":{"line":33,"column":5}},{"start":{},"end":{}}],"line":31}},"s":{"0":10,"1":10,"2":10,"3":0,"4":0,"5":0,"6":0,"7":0,"8":0,"9":0,"10":0,"11":10,"12":0,"13":0,"14":0,"15":0,"16":0,"17":0,"18":0,"19":0,"20":0,"21":0,"22":0,"23":10},"f":{"0":0,"1":0},"b":{"0":[0,0],"1":[0,0],"2":[0,0],"3":[0,0]},"_coverageSchema":"1a1c01bbd47fc00a2c39e90264f33305004495a9","hash":"2fb8be4541e7a77663409df0f13df0266f6b5759"}
,"/Users/amritchand/Desktop/tutor-bridge-web/backend/controllers/notificationController.js": {"path":"/Users/amritchand/Desktop/tutor-bridge-web/backend/controllers/notificationController.js","statementMap":{"0":{"start":{"line":1,"column":50},"end":{"line":1,"column":88}},"1":{"start":{"line":3,"column":27},"end":{"line":14,"column":1}},"2":{"start":{"line":4,"column":2},"end":{"line":13,"column":3}},"3":{"start":{"line":5,"column":26},"end":{"line":5,"column":72}},"4":{"start":{"line":6,"column":24},"end":{"line":6,"column":70}},"5":{"start":{"line":6,"column":52},"end":{"line":6,"column":62}},"6":{"start":{"line":7,"column":4},"end":{"line":7,"column":57}},"7":{"start":{"line":9,"column":4},"end":{"line":12,"column":7}},"8":{"start":{"line":16,"column":29},"end":{"line":26,"column":1}},"9":{"start":{"line":17,"column":2},"end":{"line":25,"column":3}},"10":{"start":{"line":18,"column":4},"end":{"line":18,"column":42}},"11":{"start":{"line":19,"column":4},"end":{"line":19,"column":70}},"12":{"start":{"line":21,"column":4},"end":{"line":24,"column":7}},"13":{"start":{"line":28,"column":0},"end":{"line":28,"column":62}}},"fnMap":{"0":{"name":"(anonymous_0)","decl":{"start":{"line":3,"column":27},"end":{"line":3,"column":28}},"loc":{"start":{"line":3,"column":47},"end":{"line":14,"column":1}},"line":3},"1":{"name":"(anonymous_1)","decl":{"start":{"line":6,"column":45},"end":{"line":6,"column":46}},"loc":{"start":{"line":6,"column":52},"end":{"line":6,"column":62}},"line":6},"2":{"name":"(anonymous_2)","decl":{"start":{"line":16,"column":29},"end":{"line":16,"column":30}},"loc":{"start":{"line":16,"column":49},"end":{"line":26,"column":1}},"line":16}},"branchMap":{},"s":{"0":10,"1":10,"2":0,"3":0,"4":0,"5":0,"6":0,"7":0,"8":10,"9":0,"10":0,"11":0,"12":0,"13":10},"f":{"0":0,"1":0,"2":0},"b":{},"_coverageSchema":"1a1c01bbd47fc00a2c39e90264f33305004495a9","hash":"5db48e13d4a5e2b9dad4c2b01db93b6127b86819"}
,"/Users/amritchand/Desktop/tutor-bridge-web/backend/controllers/paymentController.js": {"path":"/Users/amritchand/Desktop/tutor-bridge-web/backend/controllers/paymentController.js","statementMap":{"0":{"start":{"line":1,"column":74},"end":{"line":1,"column":107}},"1":{"start":{"line":6,"column":4},"end":{"line":6,"column":48}},"2":{"start":{"line":7,"column":41},"end":{"line":7,"column":81}},"3":{"start":{"line":8,"column":26},"end":{"line":8,"column":59}},"4":{"start":{"line":9,"column":27},"end":{"line":9,"column":57}},"5":{"start":{"line":10,"column":43},"end":{"line":10,"column":79}},"6":{"start":{"line":11,"column":59},"end":{"line":11,"column":97}},"7":{"start":{"line":12,"column":35},"end":{"line":12,"column":71}},"8":{"start":{"line":14,"column":26},"end":{"line":14,"column":30}},"9":{"start":{"line":16,"column":26},"end":{"line":24,"column":1}},"10":{"start":{"line":26,"column":24},"end":{"line":32,"column":1}},"11":{"start":{"line":34,"column":31},"end":{"line":76,"column":1}},"12":{"start":{"line":35,"column":2},"end":{"line":75,"column":3}},"13":{"start":{"line":36,"column":30},"end":{"line":36,"column":38}},"14":{"start":{"line":38,"column":24},"end":{"line":38,"column":63}},"15":{"start":{"line":39,"column":4},"end":{"line":41,"column":5}},"16":{"start":{"line":40,"column":6},"end":{"line":40,"column":72}},"17":{"start":{"line":43,"column":20},"end":{"line":43,"column":64}},"18":{"start":{"line":44,"column":4},"end":{"line":46,"column":5}},"19":{"start":{"line":45,"column":6},"end":{"line":45,"column":97}},"20":{"start":{"line":47,"column":4},"end":{"line":49,"column":5}},"21":{"start":{"line":48,"column":6},"end":{"line":48,"column":102}},"22":{"start":{"line":51,"column":20},"end":{"line":51,"column":58}},"23":{"start":{"line":52,"column":20},"end":{"line":52,"column":73}},"24":{"start":{"line":54,"column":24},"end":{"line":54,"column":75}},"25":{"start":{"line":55,"column":22},"end":{"line":62,"column":6}},"26":{"start":{"line":64,"column":4},"end":{"line":64,"column":54}},"27":{"start":{"line":66,"column":4},"end":{"line":69,"column":7}},"28":{"start":{"line":71,"column":4},"end":{"line":74,"column":7}},"29":{"start":{"line":78,"column":29},"end":{"line":122,"column":1}},"30":{"start":{"line":79,"column":2},"end":{"line":121,"column":3}},"31":{"start":{"line":80,"column":21},"end":{"line":80,"column":29}},"32":{"start":{"line":82,"column":20},"end":{"line":82,"column":48}},"33":{"start":{"line":83,"column":4},"end":{"line":85,"column":5}},"34":{"start":{"line":84,"column":6},"end":{"line":84,"column":68}},"35":{"start":{"line":87,"column":24},"end":{"line":87,"column":72}},"36":{"start":{"line":88,"column":20},"end":{"line":88,"column":64}},"37":{"start":{"line":89,"column":4},"end":{"line":91,"column":5}},"38":{"start":{"line":90,"column":6},"end":{"line":90,"column":88}},"39":{"start":{"line":93,"column":19},"end":{"line":93,"column":44}},"40":{"start":{"line":94,"column":25},"end":{"line":94,"column":70}},"41":{"start":{"line":95,"column":4},"end":{"line":95,"column":87}},"42":{"start":{"line":97,"column":4},"end":{"line":109,"column":5}},"43":{"start":{"line":98,"column":6},"end":{"line":98,"column":58}},"44":{"start":{"line":99,"column":6},"end":{"line":99,"column":95}},"45":{"start":{"line":100,"column":6},"end":{"line":100,"column":49}},"46":{"start":{"line":101,"column":6},"end":{"line":101,"column":89}},"47":{"start":{"line":103,"column":6},"end":{"line":103,"column":70}},"48":{"start":{"line":104,"column":6},"end":{"line":104,"column":109}},"49":{"start":{"line":106,"column":27},"end":{"line":106,"column":86}},"50":{"start":{"line":107,"column":6},"end":{"line":107,"column":62}},"51":{"start":{"line":108,"column":6},"end":{"line":108,"column":93}},"52":{"start":{"line":111,"column":4},"end":{"line":115,"column":7}},"53":{"start":{"line":117,"column":4},"end":{"line":120,"column":7}},"54":{"start":{"line":124,"column":0},"end":{"line":124,"column":66}}},"fnMap":{"0":{"name":"(anonymous_0)","decl":{"start":{"line":34,"column":31},"end":{"line":34,"column":32}},"loc":{"start":{"line":34,"column":51},"end":{"line":76,"column":1}},"line":34},"1":{"name":"(anonymous_1)","decl":{"start":{"line":78,"column":29},"end":{"line":78,"column":30}},"loc":{"start":{"line":78,"column":49},"end":{"line":122,"column":1}},"line":78}},"branchMap":{"0":{"loc":{"start":{"line":39,"column":4},"end":{"line":41,"column":5}},"type":"if","locations":[{"start":{"line":39,"column":4},"end":{"line":41,"column":5}},{"start":{},"end":{}}],"line":39},"1":{"loc":{"start":{"line":44,"column":4},"end":{"line":46,"column":5}},"type":"if","locations":[{"start":{"line":44,"column":4},"end":{"line":46,"column":5}},{"start":{},"end":{}}],"line":44},"2":{"loc":{"start":{"line":44,"column":8},"end":{"line":44,"column":56}},"type":"binary-expr","locations":[{"start":{"line":44,"column":8},"end":{"line":44,"column":16}},{"start":{"line":44,"column":20},"end":{"line":44,"column":56}}],"line":44},"3":{"loc":{"start":{"line":47,"column":4},"end":{"line":49,"column":5}},"type":"if","locations":[{"start":{"line":47,"column":4},"end":{"line":49,"column":5}},{"start":{},"end":{}}],"line":47},"4":{"loc":{"start":{"line":47,"column":8},"end":{"line":47,"column":69}},"type":"binary-expr","locations":[{"start":{"line":47,"column":8},"end":{"line":47,"column":33}},{"start":{"line":47,"column":37},"end":{"line":47,"column":69}}],"line":47},"5":{"loc":{"start":{"line":54,"column":24},"end":{"line":54,"column":75}},"type":"binary-expr","locations":[{"start":{"line":54,"column":24},"end":{"line":54,"column":48}},{"start":{"line":54,"column":52},"end":{"line":54,"column":75}}],"line":54},"6":{"loc":{"start":{"line":83,"column":4},"end":{"line":85,"column":5}},"type":"if","locations":[{"start":{"line":83,"column":4},"end":{"line":85,"column":5}},{"start":{},"end":{}}],"line":83},"7":{"loc":{"start":{"line":89,"column":4},"end":{"line":91,"column":5}},"type":"if","locations":[{"start":{"line":89,"column":4},"end":{"line":91,"column":5}},{"start":{},"end":{}}],"line":89},"8":{"loc":{"start":{"line":89,"column":8},"end":{"line":89,"column":56}},"type":"binary-expr","locations":[{"start":{"line":89,"column":8},"end":{"line":89,"column":16}},{"start":{"line":89,"column":20},"end":{"line":89,"column":56}}],"line":89},"9":{"loc":{"start":{"line":94,"column":25},"end":{"line":94,"column":70}},"type":"binary-expr","locations":[{"start":{"line":94,"column":25},"end":{"line":94,"column":57}},{"start":{"line":94,"column":61},"end":{"line":94,"column":70}}],"line":94},"10":{"loc":{"start":{"line":97,"column":4},"end":{"line":109,"column":5}},"type":"if","locations":[{"start":{"line":97,"column":4},"end":{"line":109,"column":5}},{"start":{},"end":{}}],"line":97},"11":{"loc":{"start":{"line":97,"column":8},"end":{"line":97,"column":72}},"type":"binary-expr","locations":[{"start":{"line":97,"column":8},"end":{"line":97,"column":36}},{"start":{"line":97,"column":40},"end":{"line":97,"column":72}}],"line":97},"12":{"loc":{"start":{"line":114,"column":15},"end":{"line":114,"column":80}},"type":"binary-expr","locations":[{"start":{"line":114,"column":15},"end":{"line":114,"column":44}},{"start":{"line":114,"column":48},"end":{"line":114,"column":80}}],"line":114}},"s":{"0":10,"1":10,"2":10,"3":10,"4":10,"5":10,"6":10,"7":10,"8":10,"9":10,"10":10,"11":10,"12":0,"13":0,"14":0,"15":0,"16":0,"17":0,"18":0,"19":0,"20":0,"21":0,"22":0,"23":0,"24":0,"25":0,"26":0,"27":0,"28":0,"29":10,"30":0,"31":0,"32":0,"33":0,"34":0,"35":0,"36":0,"37":0,"38":0,"39":0,"40":0,"41":0,"42":0,"43":0,"44":0,"45":0,"46":0,"47":0,"48":0,"49":0,"50":0,"51":0,"52":0,"53":0,"54":10},"f":{"0":0,"1":0},"b":{"0":[0,0],"1":[0,0],"2":[0,0],"3":[0,0],"4":[0,0],"5":[0,0],"6":[0,0],"7":[0,0],"8":[0,0],"9":[0,0],"10":[0,0],"11":[0,0],"12":[0,0]},"_coverageSchema":"1a1c01bbd47fc00a2c39e90264f33305004495a9","hash":"90470cffb136f350144c901f0d5305deb5c193a9"}
,"/Users/amritchand/Desktop/tutor-bridge-web/backend/controllers/reviewController.js": {"path":"/Users/amritchand/Desktop/tutor-bridge-web/backend/controllers/reviewController.js","statementMap":{"0":{"start":{"line":1,"column":56},"end":{"line":1,"column":88}},"1":{"start":{"line":2,"column":36},"end":{"line":2,"column":69}},"2":{"start":{"line":4,"column":20},"end":{"line":9,"column":1}},"3":{"start":{"line":5,"column":2},"end":{"line":7,"column":3}},"4":{"start":{"line":6,"column":4},"end":{"line":6,"column":65}},"5":{"start":{"line":8,"column":2},"end":{"line":8,"column":63}},"6":{"start":{"line":11,"column":18},"end":{"line":22,"column":1}},"7":{"start":{"line":12,"column":2},"end":{"line":21,"column":3}},"8":{"start":{"line":13,"column":35},"end":{"line":13,"column":75}},"9":{"start":{"line":14,"column":19},"end":{"line":14,"column":60}},"10":{"start":{"line":15,"column":4},"end":{"line":15,"column":53}},"11":{"start":{"line":17,"column":4},"end":{"line":20,"column":7}},"12":{"start":{"line":24,"column":19},"end":{"line":46,"column":1}},"13":{"start":{"line":25,"column":2},"end":{"line":45,"column":3}},"14":{"start":{"line":26,"column":35},"end":{"line":26,"column":43}},"15":{"start":{"line":27,"column":20},"end":{"line":27,"column":38}},"16":{"start":{"line":29,"column":4},"end":{"line":31,"column":5}},"17":{"start":{"line":30,"column":6},"end":{"line":30,"column":81}},"18":{"start":{"line":33,"column":20},"end":{"line":33,"column":76}},"19":{"start":{"line":34,"column":4},"end":{"line":36,"column":5}},"20":{"start":{"line":35,"column":6},"end":{"line":35,"column":94}},"21":{"start":{"line":38,"column":19},"end":{"line":38,"column":84}},"22":{"start":{"line":39,"column":4},"end":{"line":39,"column":62}},"23":{"start":{"line":41,"column":4},"end":{"line":44,"column":7}},"24":{"start":{"line":48,"column":21},"end":{"line":61,"column":1}},"25":{"start":{"line":49,"column":2},"end":{"line":60,"column":3}},"26":{"start":{"line":50,"column":20},"end":{"line":50,"column":76}},"27":{"start":{"line":51,"column":4},"end":{"line":53,"column":5}},"28":{"start":{"line":52,"column":6},"end":{"line":52,"column":67}},"29":{"start":{"line":54,"column":4},"end":{"line":54,"column":56}},"30":{"start":{"line":56,"column":4},"end":{"line":59,"column":7}},"31":{"start":{"line":63,"column":0},"end":{"line":63,"column":57}}},"fnMap":{"0":{"name":"(anonymous_0)","decl":{"start":{"line":4,"column":20},"end":{"line":4,"column":21}},"loc":{"start":{"line":4,"column":42},"end":{"line":9,"column":1}},"line":4},"1":{"name":"(anonymous_1)","decl":{"start":{"line":11,"column":18},"end":{"line":11,"column":19}},"loc":{"start":{"line":11,"column":38},"end":{"line":22,"column":1}},"line":11},"2":{"name":"(anonymous_2)","decl":{"start":{"line":24,"column":19},"end":{"line":24,"column":20}},"loc":{"start":{"line":24,"column":39},"end":{"line":46,"column":1}},"line":24},"3":{"name":"(anonymous_3)","decl":{"start":{"line":48,"column":21},"end":{"line":48,"column":22}},"loc":{"start":{"line":48,"column":41},"end":{"line":61,"column":1}},"line":48}},"branchMap":{"0":{"loc":{"start":{"line":5,"column":2},"end":{"line":7,"column":3}},"type":"if","locations":[{"start":{"line":5,"column":2},"end":{"line":7,"column":3}},{"start":{},"end":{}}],"line":5},"1":{"loc":{"start":{"line":15,"column":35},"end":{"line":15,"column":49}},"type":"binary-expr","locations":[{"start":{"line":15,"column":35},"end":{"line":15,"column":41}},{"start":{"line":15,"column":45},"end":{"line":15,"column":49}}],"line":15},"2":{"loc":{"start":{"line":29,"column":4},"end":{"line":31,"column":5}},"type":"if","locations":[{"start":{"line":29,"column":4},"end":{"line":31,"column":5}},{"start":{},"end":{}}],"line":29},"3":{"loc":{"start":{"line":29,"column":8},"end":{"line":29,"column":43}},"type":"binary-expr","locations":[{"start":{"line":29,"column":8},"end":{"line":29,"column":15}},{"start":{"line":29,"column":19},"end":{"line":29,"column":29}},{"start":{"line":29,"column":33},"end":{"line":29,"column":43}}],"line":29},"4":{"loc":{"start":{"line":34,"column":4},"end":{"line":36,"column":5}},"type":"if","locations":[{"start":{"line":34,"column":4},"end":{"line":36,"column":5}},{"start":{},"end":{}}],"line":34},"5":{"loc":{"start":{"line":51,"column":4},"end":{"line":53,"column":5}},"type":"if","locations":[{"start":{"line":51,"column":4},"end":{"line":53,"column":5}},{"start":{},"end":{}}],"line":51}},"s":{"0":10,"1":10,"2":10,"3":0,"4":0,"5":0,"6":10,"7":0,"8":0,"9":0,"10":0,"11":0,"12":10,"13":0,"14":0,"15":0,"16":0,"17":0,"18":0,"19":0,"20":0,"21":0,"22":0,"23":0,"24":10,"25":0,"26":0,"27":0,"28":0,"29":0,"30":0,"31":10},"f":{"0":0,"1":0,"2":0,"3":0},"b":{"0":[0,0],"1":[0,0],"2":[0,0],"3":[0,0,0],"4":[0,0],"5":[0,0]},"_coverageSchema":"1a1c01bbd47fc00a2c39e90264f33305004495a9","hash":"d7646b25cd01833277ccd5b6ff60855e64f70116"}
,"/Users/amritchand/Desktop/tutor-bridge-web/backend/controllers/supportTicketController.js": {"path":"/Users/amritchand/Desktop/tutor-bridge-web/backend/controllers/supportTicketController.js","statementMap":{"0":{"start":{"line":7,"column":4},"end":{"line":7,"column":43}},"1":{"start":{"line":8,"column":47},"end":{"line":8,"column":86}},"2":{"start":{"line":10,"column":24},"end":{"line":11,"column":66}},"3":{"start":{"line":11,"column":2},"end":{"line":11,"column":66}},"4":{"start":{"line":13,"column":28},"end":{"line":35,"column":1}},"5":{"start":{"line":14,"column":2},"end":{"line":34,"column":3}},"6":{"start":{"line":15,"column":37},"end":{"line":15,"column":45}},"7":{"start":{"line":17,"column":4},"end":{"line":21,"column":5}},"8":{"start":{"line":18,"column":6},"end":{"line":20,"column":9}},"9":{"start":{"line":23,"column":19},"end":{"line":23,"column":77}},"10":{"start":{"line":25,"column":4},"end":{"line":28,"column":7}},"11":{"start":{"line":30,"column":4},"end":{"line":33,"column":7}},"12":{"start":{"line":37,"column":21},"end":{"line":47,"column":1}},"13":{"start":{"line":38,"column":2},"end":{"line":46,"column":3}},"14":{"start":{"line":39,"column":20},"end":{"line":39,"column":60}},"15":{"start":{"line":40,"column":4},"end":{"line":40,"column":38}},"16":{"start":{"line":42,"column":4},"end":{"line":45,"column":7}},"17":{"start":{"line":49,"column":27},"end":{"line":59,"column":1}},"18":{"start":{"line":50,"column":2},"end":{"line":58,"column":3}},"19":{"start":{"line":51,"column":20},"end":{"line":51,"column":41}},"20":{"start":{"line":52,"column":4},"end":{"line":52,"column":38}},"21":{"start":{"line":54,"column":4},"end":{"line":57,"column":7}},"22":{"start":{"line":61,"column":24},"end":{"line":82,"column":1}},"23":{"start":{"line":62,"column":2},"end":{"line":81,"column":3}},"24":{"start":{"line":63,"column":19},"end":{"line":63,"column":29}},"25":{"start":{"line":65,"column":19},"end":{"line":65,"column":42}},"26":{"start":{"line":66,"column":4},"end":{"line":68,"column":5}},"27":{"start":{"line":67,"column":6},"end":{"line":67,"column":67}},"28":{"start":{"line":69,"column":4},"end":{"line":71,"column":5}},"29":{"start":{"line":70,"column":6},"end":{"line":70,"column":80}},"30":{"start":{"line":73,"column":21},"end":{"line":73,"column":50}},"31":{"start":{"line":75,"column":4},"end":{"line":75,"column":47}},"32":{"start":{"line":77,"column":4},"end":{"line":80,"column":7}},"33":{"start":{"line":84,"column":19},"end":{"line":118,"column":1}},"34":{"start":{"line":85,"column":2},"end":{"line":117,"column":3}},"35":{"start":{"line":86,"column":19},"end":{"line":86,"column":29}},"36":{"start":{"line":87,"column":24},"end":{"line":87,"column":32}},"37":{"start":{"line":89,"column":4},"end":{"line":91,"column":5}},"38":{"start":{"line":90,"column":6},"end":{"line":90,"column":70}},"39":{"start":{"line":93,"column":4},"end":{"line":95,"column":5}},"40":{"start":{"line":94,"column":6},"end":{"line":94,"column":92}},"41":{"start":{"line":97,"column":19},"end":{"line":97,"column":42}},"42":{"start":{"line":98,"column":4},"end":{"line":100,"column":5}},"43":{"start":{"line":99,"column":6},"end":{"line":99,"column":67}},"44":{"start":{"line":101,"column":4},"end":{"line":103,"column":5}},"45":{"start":{"line":102,"column":6},"end":{"line":102,"column":88}},"46":{"start":{"line":105,"column":23},"end":{"line":105,"column":73}},"47":{"start":{"line":106,"column":4},"end":{"line":106,"column":33}},"48":{"start":{"line":108,"column":4},"end":{"line":111,"column":7}},"49":{"start":{"line":113,"column":4},"end":{"line":116,"column":7}},"50":{"start":{"line":120,"column":0},"end":{"line":126,"column":2}}},"fnMap":{"0":{"name":"(anonymous_0)","decl":{"start":{"line":10,"column":24},"end":{"line":10,"column":25}},"loc":{"start":{"line":11,"column":2},"end":{"line":11,"column":66}},"line":11},"1":{"name":"(anonymous_1)","decl":{"start":{"line":13,"column":28},"end":{"line":13,"column":29}},"loc":{"start":{"line":13,"column":48},"end":{"line":35,"column":1}},"line":13},"2":{"name":"(anonymous_2)","decl":{"start":{"line":37,"column":21},"end":{"line":37,"column":22}},"loc":{"start":{"line":37,"column":41},"end":{"line":47,"column":1}},"line":37},"3":{"name":"(anonymous_3)","decl":{"start":{"line":49,"column":27},"end":{"line":49,"column":28}},"loc":{"start":{"line":49,"column":47},"end":{"line":59,"column":1}},"line":49},"4":{"name":"(anonymous_4)","decl":{"start":{"line":61,"column":24},"end":{"line":61,"column":25}},"loc":{"start":{"line":61,"column":44},"end":{"line":82,"column":1}},"line":61},"5":{"name":"(anonymous_5)","decl":{"start":{"line":84,"column":19},"end":{"line":84,"column":20}},"loc":{"start":{"line":84,"column":39},"end":{"line":118,"column":1}},"line":84}},"branchMap":{"0":{"loc":{"start":{"line":11,"column":2},"end":{"line":11,"column":66}},"type":"binary-expr","locations":[{"start":{"line":11,"column":2},"end":{"line":11,"column":27}},{"start":{"line":11,"column":31},"end":{"line":11,"column":66}}],"line":11},"1":{"loc":{"start":{"line":17,"column":4},"end":{"line":21,"column":5}},"type":"if","locations":[{"start":{"line":17,"column":4},"end":{"line":21,"column":5}},{"start":{},"end":{}}],"line":17},"2":{"loc":{"start":{"line":17,"column":8},"end":{"line":17,"column":32}},"type":"binary-expr","locations":[{"start":{"line":17,"column":8},"end":{"line":17,"column":16}},{"start":{"line":17,"column":20},"end":{"line":17,"column":32}}],"line":17},"3":{"loc":{"start":{"line":66,"column":4},"end":{"line":68,"column":5}},"type":"if","locations":[{"start":{"line":66,"column":4},"end":{"line":68,"column":5}},{"start":{},"end":{}}],"line":66},"4":{"loc":{"start":{"line":69,"column":4},"end":{"line":71,"column":5}},"type":"if","locations":[{"start":{"line":69,"column":4},"end":{"line":71,"column":5}},{"start":{},"end":{}}],"line":69},"5":{"loc":{"start":{"line":89,"column":4},"end":{"line":91,"column":5}},"type":"if","locations":[{"start":{"line":89,"column":4},"end":{"line":91,"column":5}},{"start":{},"end":{}}],"line":89},"6":{"loc":{"start":{"line":93,"column":4},"end":{"line":95,"column":5}},"type":"if","locations":[{"start":{"line":93,"column":4},"end":{"line":95,"column":5}},{"start":{},"end":{}}],"line":93},"7":{"loc":{"start":{"line":98,"column":4},"end":{"line":100,"column":5}},"type":"if","locations":[{"start":{"line":98,"column":4},"end":{"line":100,"column":5}},{"start":{},"end":{}}],"line":98},"8":{"loc":{"start":{"line":101,"column":4},"end":{"line":103,"column":5}},"type":"if","locations":[{"start":{"line":101,"column":4},"end":{"line":103,"column":5}},{"start":{},"end":{}}],"line":101}},"s":{"0":10,"1":10,"2":10,"3":2,"4":10,"5":2,"6":2,"7":2,"8":1,"9":1,"10":1,"11":0,"12":10,"13":0,"14":0,"15":0,"16":0,"17":10,"18":0,"19":0,"20":0,"21":0,"22":10,"23":3,"24":3,"25":3,"26":3,"27":1,"28":2,"29":1,"30":1,"31":1,"32":0,"33":10,"34":3,"35":3,"36":3,"37":3,"38":0,"39":3,"40":1,"41":2,"42":2,"43":0,"44":2,"45":1,"46":1,"47":1,"48":1,"49":0,"50":10},"f":{"0":2,"1":2,"2":0,"3":0,"4":3,"5":3},"b":{"0":[2,2],"1":[1,1],"2":[2,2],"3":[1,2],"4":[1,1],"5":[0,3],"6":[1,2],"7":[0,2],"8":[1,1]},"_coverageSchema":"1a1c01bbd47fc00a2c39e90264f33305004495a9","hash":"d5afca86b8263edd9300bf4ae423373e9a3846a0"}
,"/Users/amritchand/Desktop/tutor-bridge-web/backend/controllers/tuitionApplicationController.js": {"path":"/Users/amritchand/Desktop/tutor-bridge-web/backend/controllers/tuitionApplicationController.js","statementMap":{"0":{"start":{"line":10,"column":4},"end":{"line":10,"column":48}},"1":{"start":{"line":11,"column":41},"end":{"line":11,"column":81}},"2":{"start":{"line":12,"column":31},"end":{"line":12,"column":69}},"3":{"start":{"line":13,"column":31},"end":{"line":13,"column":69}},"4":{"start":{"line":14,"column":23},"end":{"line":14,"column":59}},"5":{"start":{"line":16,"column":23},"end":{"line":54,"column":1}},"6":{"start":{"line":17,"column":2},"end":{"line":53,"column":3}},"7":{"start":{"line":18,"column":22},"end":{"line":18,"column":35}},"8":{"start":{"line":20,"column":20},"end":{"line":20,"column":51}},"9":{"start":{"line":21,"column":4},"end":{"line":23,"column":5}},"10":{"start":{"line":22,"column":6},"end":{"line":22,"column":76}},"11":{"start":{"line":24,"column":4},"end":{"line":26,"column":5}},"12":{"start":{"line":25,"column":6},"end":{"line":25,"column":81}},"13":{"start":{"line":28,"column":25},"end":{"line":28,"column":67}},"14":{"start":{"line":29,"column":4},"end":{"line":31,"column":5}},"15":{"start":{"line":30,"column":6},"end":{"line":30,"column":92}},"16":{"start":{"line":33,"column":21},"end":{"line":33,"column":87}},"17":{"start":{"line":34,"column":4},"end":{"line":36,"column":5}},"18":{"start":{"line":35,"column":6},"end":{"line":35,"column":91}},"19":{"start":{"line":38,"column":24},"end":{"line":38,"column":76}},"20":{"start":{"line":40,"column":20},"end":{"line":40,"column":73}},"21":{"start":{"line":41,"column":4},"end":{"line":41,"column":55}},"22":{"start":{"line":42,"column":4},"end":{"line":42,"column":85}},"23":{"start":{"line":44,"column":4},"end":{"line":47,"column":7}},"24":{"start":{"line":49,"column":4},"end":{"line":52,"column":7}},"25":{"start":{"line":56,"column":27},"end":{"line":66,"column":1}},"26":{"start":{"line":57,"column":2},"end":{"line":65,"column":3}},"27":{"start":{"line":58,"column":25},"end":{"line":58,"column":72}},"28":{"start":{"line":59,"column":4},"end":{"line":59,"column":43}},"29":{"start":{"line":61,"column":4},"end":{"line":64,"column":7}},"30":{"start":{"line":68,"column":35},"end":{"line":87,"column":1}},"31":{"start":{"line":69,"column":2},"end":{"line":86,"column":3}},"32":{"start":{"line":70,"column":22},"end":{"line":70,"column":35}},"33":{"start":{"line":71,"column":20},"end":{"line":71,"column":51}},"34":{"start":{"line":72,"column":4},"end":{"line":74,"column":5}},"35":{"start":{"line":73,"column":6},"end":{"line":73,"column":76}},"36":{"start":{"line":75,"column":4},"end":{"line":77,"column":5}},"37":{"start":{"line":76,"column":6},"end":{"line":76,"column":103}},"38":{"start":{"line":79,"column":25},"end":{"line":79,"column":67}},"39":{"start":{"line":80,"column":4},"end":{"line":80,"column":43}},"40":{"start":{"line":82,"column":4},"end":{"line":85,"column":7}},"41":{"start":{"line":89,"column":31},"end":{"line":116,"column":1}},"42":{"start":{"line":90,"column":2},"end":{"line":115,"column":3}},"43":{"start":{"line":91,"column":26},"end":{"line":91,"column":42}},"44":{"start":{"line":92,"column":24},"end":{"line":92,"column":63}},"45":{"start":{"line":93,"column":4},"end":{"line":95,"column":5}},"46":{"start":{"line":94,"column":6},"end":{"line":94,"column":72}},"47":{"start":{"line":97,"column":20},"end":{"line":97,"column":64}},"48":{"start":{"line":98,"column":4},"end":{"line":100,"column":5}},"49":{"start":{"line":99,"column":6},"end":{"line":99,"column":105}},"50":{"start":{"line":102,"column":20},"end":{"line":102,"column":58}},"51":{"start":{"line":103,"column":4},"end":{"line":103,"column":80}},"52":{"start":{"line":104,"column":4},"end":{"line":104,"column":47}},"53":{"start":{"line":106,"column":4},"end":{"line":109,"column":7}},"54":{"start":{"line":111,"column":4},"end":{"line":114,"column":7}},"55":{"start":{"line":118,"column":31},"end":{"line":142,"column":1}},"56":{"start":{"line":119,"column":2},"end":{"line":141,"column":3}},"57":{"start":{"line":120,"column":26},"end":{"line":120,"column":42}},"58":{"start":{"line":121,"column":24},"end":{"line":121,"column":63}},"59":{"start":{"line":122,"column":4},"end":{"line":124,"column":5}},"60":{"start":{"line":123,"column":6},"end":{"line":123,"column":72}},"61":{"start":{"line":126,"column":20},"end":{"line":126,"column":64}},"62":{"start":{"line":127,"column":4},"end":{"line":129,"column":5}},"63":{"start":{"line":128,"column":6},"end":{"line":128,"column":105}},"64":{"start":{"line":131,"column":20},"end":{"line":131,"column":58}},"65":{"start":{"line":132,"column":4},"end":{"line":135,"column":7}},"66":{"start":{"line":137,"column":4},"end":{"line":140,"column":7}},"67":{"start":{"line":144,"column":0},"end":{"line":150,"column":2}}},"fnMap":{"0":{"name":"(anonymous_0)","decl":{"start":{"line":16,"column":23},"end":{"line":16,"column":24}},"loc":{"start":{"line":16,"column":43},"end":{"line":54,"column":1}},"line":16},"1":{"name":"(anonymous_1)","decl":{"start":{"line":56,"column":27},"end":{"line":56,"column":28}},"loc":{"start":{"line":56,"column":47},"end":{"line":66,"column":1}},"line":56},"2":{"name":"(anonymous_2)","decl":{"start":{"line":68,"column":35},"end":{"line":68,"column":36}},"loc":{"start":{"line":68,"column":55},"end":{"line":87,"column":1}},"line":68},"3":{"name":"(anonymous_3)","decl":{"start":{"line":89,"column":31},"end":{"line":89,"column":32}},"loc":{"start":{"line":89,"column":51},"end":{"line":116,"column":1}},"line":89},"4":{"name":"(anonymous_4)","decl":{"start":{"line":118,"column":31},"end":{"line":118,"column":32}},"loc":{"start":{"line":118,"column":51},"end":{"line":142,"column":1}},"line":118}},"branchMap":{"0":{"loc":{"start":{"line":21,"column":4},"end":{"line":23,"column":5}},"type":"if","locations":[{"start":{"line":21,"column":4},"end":{"line":23,"column":5}},{"start":{},"end":{}}],"line":21},"1":{"loc":{"start":{"line":24,"column":4},"end":{"line":26,"column":5}},"type":"if","locations":[{"start":{"line":24,"column":4},"end":{"line":26,"column":5}},{"start":{},"end":{}}],"line":24},"2":{"loc":{"start":{"line":29,"column":4},"end":{"line":31,"column":5}},"type":"if","locations":[{"start":{"line":29,"column":4},"end":{"line":31,"column":5}},{"start":{},"end":{}}],"line":29},"3":{"loc":{"start":{"line":29,"column":8},"end":{"line":29,"column":72}},"type":"binary-expr","locations":[{"start":{"line":29,"column":8},"end":{"line":29,"column":21}},{"start":{"line":29,"column":25},"end":{"line":29,"column":72}}],"line":29},"4":{"loc":{"start":{"line":34,"column":4},"end":{"line":36,"column":5}},"type":"if","locations":[{"start":{"line":34,"column":4},"end":{"line":36,"column":5}},{"start":{},"end":{}}],"line":34},"5":{"loc":{"start":{"line":72,"column":4},"end":{"line":74,"column":5}},"type":"if","locations":[{"start":{"line":72,"column":4},"end":{"line":74,"column":5}},{"start":{},"end":{}}],"line":72},"6":{"loc":{"start":{"line":75,"column":4},"end":{"line":77,"column":5}},"type":"if","locations":[{"start":{"line":75,"column":4},"end":{"line":77,"column":5}},{"start":{},"end":{}}],"line":75},"7":{"loc":{"start":{"line":93,"column":4},"end":{"line":95,"column":5}},"type":"if","locations":[{"start":{"line":93,"column":4},"end":{"line":95,"column":5}},{"start":{},"end":{}}],"line":93},"8":{"loc":{"start":{"line":98,"column":4},"end":{"line":100,"column":5}},"type":"if","locations":[{"start":{"line":98,"column":4},"end":{"line":100,"column":5}},{"start":{},"end":{}}],"line":98},"9":{"loc":{"start":{"line":98,"column":8},"end":{"line":98,"column":56}},"type":"binary-expr","locations":[{"start":{"line":98,"column":8},"end":{"line":98,"column":16}},{"start":{"line":98,"column":20},"end":{"line":98,"column":56}}],"line":98},"10":{"loc":{"start":{"line":122,"column":4},"end":{"line":124,"column":5}},"type":"if","locations":[{"start":{"line":122,"column":4},"end":{"line":124,"column":5}},{"start":{},"end":{}}],"line":122},"11":{"loc":{"start":{"line":127,"column":4},"end":{"line":129,"column":5}},"type":"if","locations":[{"start":{"line":127,"column":4},"end":{"line":129,"column":5}},{"start":{},"end":{}}],"line":127},"12":{"loc":{"start":{"line":127,"column":8},"end":{"line":127,"column":56}},"type":"binary-expr","locations":[{"start":{"line":127,"column":8},"end":{"line":127,"column":16}},{"start":{"line":127,"column":20},"end":{"line":127,"column":56}}],"line":127}},"s":{"0":10,"1":10,"2":10,"3":10,"4":10,"5":10,"6":0,"7":0,"8":0,"9":0,"10":0,"11":0,"12":0,"13":0,"14":0,"15":0,"16":0,"17":0,"18":0,"19":0,"20":0,"21":0,"22":0,"23":0,"24":0,"25":10,"26":0,"27":0,"28":0,"29":0,"30":10,"31":0,"32":0,"33":0,"34":0,"35":0,"36":0,"37":0,"38":0,"39":0,"40":0,"41":10,"42":0,"43":0,"44":0,"45":0,"46":0,"47":0,"48":0,"49":0,"50":0,"51":0,"52":0,"53":0,"54":0,"55":10,"56":0,"57":0,"58":0,"59":0,"60":0,"61":0,"62":0,"63":0,"64":0,"65":0,"66":0,"67":10},"f":{"0":0,"1":0,"2":0,"3":0,"4":0},"b":{"0":[0,0],"1":[0,0],"2":[0,0],"3":[0,0],"4":[0,0],"5":[0,0],"6":[0,0],"7":[0,0],"8":[0,0],"9":[0,0],"10":[0,0],"11":[0,0],"12":[0,0]},"_coverageSchema":"1a1c01bbd47fc00a2c39e90264f33305004495a9","hash":"7955d6baa9b28e2e0f36de8410d37840fe7f09a4"}
,"/Users/amritchand/Desktop/tutor-bridge-web/backend/controllers/tuitionRequestController.js": {"path":"/Users/amritchand/Desktop/tutor-bridge-web/backend/controllers/tuitionRequestController.js","statementMap":{"0":{"start":{"line":7,"column":4},"end":{"line":7,"column":44}},"1":{"start":{"line":8,"column":39},"end":{"line":8,"column":77}},"2":{"start":{"line":9,"column":23},"end":{"line":9,"column":59}},"3":{"start":{"line":11,"column":24},"end":{"line":11,"column":49}},"4":{"start":{"line":12,"column":29},"end":{"line":12,"column":36}},"5":{"start":{"line":14,"column":22},"end":{"line":76,"column":1}},"6":{"start":{"line":15,"column":2},"end":{"line":75,"column":3}},"7":{"start":{"line":25,"column":8},"end":{"line":25,"column":16}},"8":{"start":{"line":27,"column":4},"end":{"line":31,"column":5}},"9":{"start":{"line":28,"column":6},"end":{"line":30,"column":9}},"10":{"start":{"line":33,"column":4},"end":{"line":37,"column":5}},"11":{"start":{"line":34,"column":6},"end":{"line":36,"column":9}},"12":{"start":{"line":39,"column":4},"end":{"line":43,"column":5}},"13":{"start":{"line":40,"column":6},"end":{"line":42,"column":9}},"14":{"start":{"line":45,"column":4},"end":{"line":49,"column":5}},"15":{"start":{"line":46,"column":6},"end":{"line":48,"column":9}},"16":{"start":{"line":51,"column":20},"end":{"line":60,"column":6}},"17":{"start":{"line":62,"column":20},"end":{"line":62,"column":60}},"18":{"start":{"line":63,"column":4},"end":{"line":63,"column":55}},"19":{"start":{"line":64,"column":4},"end":{"line":64,"column":77}},"20":{"start":{"line":66,"column":4},"end":{"line":69,"column":7}},"21":{"start":{"line":71,"column":4},"end":{"line":74,"column":7}},"22":{"start":{"line":78,"column":20},"end":{"line":88,"column":1}},"23":{"start":{"line":79,"column":2},"end":{"line":87,"column":3}},"24":{"start":{"line":80,"column":21},"end":{"line":80,"column":67}},"25":{"start":{"line":81,"column":4},"end":{"line":81,"column":39}},"26":{"start":{"line":83,"column":4},"end":{"line":86,"column":7}},"27":{"start":{"line":90,"column":22},"end":{"line":100,"column":1}},"28":{"start":{"line":91,"column":2},"end":{"line":99,"column":3}},"29":{"start":{"line":92,"column":21},"end":{"line":92,"column":62}},"30":{"start":{"line":93,"column":4},"end":{"line":93,"column":39}},"31":{"start":{"line":95,"column":4},"end":{"line":98,"column":7}},"32":{"start":{"line":102,"column":22},"end":{"line":120,"column":1}},"33":{"start":{"line":103,"column":2},"end":{"line":119,"column":3}},"34":{"start":{"line":104,"column":20},"end":{"line":104,"column":55}},"35":{"start":{"line":105,"column":4},"end":{"line":107,"column":5}},"36":{"start":{"line":106,"column":6},"end":{"line":106,"column":76}},"37":{"start":{"line":108,"column":4},"end":{"line":110,"column":5}},"38":{"start":{"line":109,"column":6},"end":{"line":109,"column":106}},"39":{"start":{"line":112,"column":4},"end":{"line":112,"column":64}},"40":{"start":{"line":113,"column":4},"end":{"line":113,"column":65}},"41":{"start":{"line":115,"column":4},"end":{"line":118,"column":7}},"42":{"start":{"line":122,"column":0},"end":{"line":127,"column":2}}},"fnMap":{"0":{"name":"(anonymous_0)","decl":{"start":{"line":14,"column":22},"end":{"line":14,"column":23}},"loc":{"start":{"line":14,"column":42},"end":{"line":76,"column":1}},"line":14},"1":{"name":"(anonymous_1)","decl":{"start":{"line":78,"column":20},"end":{"line":78,"column":21}},"loc":{"start":{"line":78,"column":40},"end":{"line":88,"column":1}},"line":78},"2":{"name":"(anonymous_2)","decl":{"start":{"line":90,"column":22},"end":{"line":90,"column":23}},"loc":{"start":{"line":90,"column":42},"end":{"line":100,"column":1}},"line":90},"3":{"name":"(anonymous_3)","decl":{"start":{"line":102,"column":22},"end":{"line":102,"column":23}},"loc":{"start":{"line":102,"column":42},"end":{"line":120,"column":1}},"line":102}},"branchMap":{"0":{"loc":{"start":{"line":27,"column":4},"end":{"line":31,"column":5}},"type":"if","locations":[{"start":{"line":27,"column":4},"end":{"line":31,"column":5}},{"start":{},"end":{}}],"line":27},"1":{"loc":{"start":{"line":27,"column":8},"end":{"line":27,"column":89}},"type":"binary-expr","locations":[{"start":{"line":27,"column":8},"end":{"line":27,"column":16}},{"start":{"line":27,"column":20},"end":{"line":27,"column":29}},{"start":{"line":27,"column":33},"end":{"line":27,"column":44}},{"start":{"line":27,"column":48},"end":{"line":27,"column":55}},{"start":{"line":27,"column":59},"end":{"line":27,"column":73}},{"start":{"line":27,"column":77},"end":{"line":27,"column":89}}],"line":27},"2":{"loc":{"start":{"line":33,"column":4},"end":{"line":37,"column":5}},"type":"if","locations":[{"start":{"line":33,"column":4},"end":{"line":37,"column":5}},{"start":{},"end":{}}],"line":33},"3":{"loc":{"start":{"line":33,"column":8},"end":{"line":33,"column":69}},"type":"binary-expr","locations":[{"start":{"line":33,"column":8},"end":{"line":33,"column":23}},{"start":{"line":33,"column":27},"end":{"line":33,"column":69}}],"line":33},"4":{"loc":{"start":{"line":39,"column":4},"end":{"line":43,"column":5}},"type":"if","locations":[{"start":{"line":39,"column":4},"end":{"line":43,"column":5}},{"start":{},"end":{}}],"line":39},"5":{"loc":{"start":{"line":39,"column":8},"end":{"line":39,"column":43}},"type":"binary-expr","locations":[{"start":{"line":39,"column":8},"end":{"line":39,"column":21}},{"start":{"line":39,"column":25},"end":{"line":39,"column":43}}],"line":39},"6":{"loc":{"start":{"line":45,"column":4},"end":{"line":49,"column":5}},"type":"if","locations":[{"start":{"line":45,"column":4},"end":{"line":49,"column":5}},{"start":{},"end":{}}],"line":45},"7":{"loc":{"start":{"line":105,"column":4},"end":{"line":107,"column":5}},"type":"if","locations":[{"start":{"line":105,"column":4},"end":{"line":107,"column":5}},{"start":{},"end":{}}],"line":105},"8":{"loc":{"start":{"line":105,"column":8},"end":{"line":105,"column":56}},"type":"binary-expr","locations":[{"start":{"line":105,"column":8},"end":{"line":105,"column":16}},{"start":{"line":105,"column":20},"end":{"line":105,"column":56}}],"line":105},"9":{"loc":{"start":{"line":108,"column":4},"end":{"line":110,"column":5}},"type":"if","locations":[{"start":{"line":108,"column":4},"end":{"line":110,"column":5}},{"start":{},"end":{}}],"line":108}},"s":{"0":10,"1":10,"2":10,"3":10,"4":10,"5":10,"6":4,"7":4,"8":4,"9":1,"10":3,"11":0,"12":3,"13":1,"14":2,"15":1,"16":1,"17":1,"18":1,"19":1,"20":1,"21":0,"22":10,"23":1,"24":1,"25":1,"26":0,"27":10,"28":0,"29":0,"30":0,"31":0,"32":10,"33":3,"34":3,"35":3,"36":1,"37":2,"38":1,"39":1,"40":1,"41":0,"42":10},"f":{"0":4,"1":1,"2":0,"3":3},"b":{"0":[1,3],"1":[4,4,3,3,3,3],"2":[0,3],"3":[3,0],"4":[1,2],"5":[3,3],"6":[1,1],"7":[1,2],"8":[3,3],"9":[1,1]},"_coverageSchema":"1a1c01bbd47fc00a2c39e90264f33305004495a9","hash":"1dff658ce4c90d7a1d40d66fa5c729242afba75b"}
,"/Users/amritchand/Desktop/tutor-bridge-web/backend/controllers/tutorProfileController.js": {"path":"/Users/amritchand/Desktop/tutor-bridge-web/backend/controllers/tutorProfileController.js","statementMap":{"0":{"start":{"line":9,"column":4},"end":{"line":9,"column":42}},"1":{"start":{"line":10,"column":26},"end":{"line":10,"column":66}},"2":{"start":{"line":12,"column":21},"end":{"line":22,"column":1}},"3":{"start":{"line":13,"column":2},"end":{"line":21,"column":3}},"4":{"start":{"line":14,"column":20},"end":{"line":14,"column":62}},"5":{"start":{"line":15,"column":4},"end":{"line":15,"column":55}},"6":{"start":{"line":17,"column":4},"end":{"line":20,"column":7}},"7":{"start":{"line":24,"column":22},"end":{"line":72,"column":1}},"8":{"start":{"line":25,"column":2},"end":{"line":71,"column":3}},"9":{"start":{"line":26,"column":87},"end":{"line":26,"column":95}},"10":{"start":{"line":27,"column":28},"end":{"line":27,"column":70}},"11":{"start":{"line":29,"column":4},"end":{"line":42,"column":5}},"12":{"start":{"line":38,"column":6},"end":{"line":41,"column":9}},"13":{"start":{"line":44,"column":16},"end":{"line":44,"column":20}},"14":{"start":{"line":45,"column":4},"end":{"line":48,"column":5}},"15":{"start":{"line":46,"column":27},"end":{"line":46,"column":63}},"16":{"start":{"line":47,"column":6},"end":{"line":47,"column":38}},"17":{"start":{"line":50,"column":20},"end":{"line":58,"column":6}},"18":{"start":{"line":60,"column":4},"end":{"line":65,"column":7}},"19":{"start":{"line":67,"column":4},"end":{"line":70,"column":7}},"20":{"start":{"line":74,"column":28},"end":{"line":84,"column":1}},"21":{"start":{"line":75,"column":2},"end":{"line":83,"column":3}},"22":{"start":{"line":76,"column":21},"end":{"line":76,"column":43}},"23":{"start":{"line":77,"column":4},"end":{"line":77,"column":39}},"24":{"start":{"line":79,"column":4},"end":{"line":82,"column":7}},"25":{"start":{"line":86,"column":28},"end":{"line":102,"column":1}},"26":{"start":{"line":87,"column":2},"end":{"line":101,"column":3}},"27":{"start":{"line":88,"column":20},"end":{"line":88,"column":55}},"28":{"start":{"line":89,"column":4},"end":{"line":91,"column":5}},"29":{"start":{"line":90,"column":6},"end":{"line":90,"column":74}},"30":{"start":{"line":92,"column":4},"end":{"line":95,"column":7}},"31":{"start":{"line":97,"column":4},"end":{"line":100,"column":7}},"32":{"start":{"line":104,"column":27},"end":{"line":125,"column":1}},"33":{"start":{"line":105,"column":2},"end":{"line":124,"column":3}},"34":{"start":{"line":106,"column":23},"end":{"line":106,"column":31}},"35":{"start":{"line":107,"column":4},"end":{"line":109,"column":5}},"36":{"start":{"line":108,"column":6},"end":{"line":108,"column":81}},"37":{"start":{"line":111,"column":20},"end":{"line":111,"column":62}},"38":{"start":{"line":112,"column":4},"end":{"line":114,"column":5}},"39":{"start":{"line":113,"column":6},"end":{"line":113,"column":74}},"40":{"start":{"line":115,"column":4},"end":{"line":118,"column":7}},"41":{"start":{"line":120,"column":4},"end":{"line":123,"column":7}},"42":{"start":{"line":127,"column":27},"end":{"line":140,"column":1}},"43":{"start":{"line":128,"column":2},"end":{"line":139,"column":3}},"44":{"start":{"line":129,"column":20},"end":{"line":129,"column":54}},"45":{"start":{"line":130,"column":4},"end":{"line":132,"column":5}},"46":{"start":{"line":131,"column":6},"end":{"line":131,"column":74}},"47":{"start":{"line":133,"column":4},"end":{"line":133,"column":63}},"48":{"start":{"line":135,"column":4},"end":{"line":138,"column":7}},"49":{"start":{"line":142,"column":24},"end":{"line":155,"column":1}},"50":{"start":{"line":143,"column":2},"end":{"line":154,"column":3}},"51":{"start":{"line":144,"column":20},"end":{"line":144,"column":65}},"52":{"start":{"line":145,"column":4},"end":{"line":147,"column":5}},"53":{"start":{"line":146,"column":6},"end":{"line":146,"column":91}},"54":{"start":{"line":148,"column":4},"end":{"line":148,"column":63}},"55":{"start":{"line":150,"column":4},"end":{"line":153,"column":7}},"56":{"start":{"line":157,"column":0},"end":{"line":165,"column":2}}},"fnMap":{"0":{"name":"(anonymous_0)","decl":{"start":{"line":12,"column":21},"end":{"line":12,"column":22}},"loc":{"start":{"line":12,"column":41},"end":{"line":22,"column":1}},"line":12},"1":{"name":"(anonymous_1)","decl":{"start":{"line":24,"column":22},"end":{"line":24,"column":23}},"loc":{"start":{"line":24,"column":42},"end":{"line":72,"column":1}},"line":24},"2":{"name":"(anonymous_2)","decl":{"start":{"line":74,"column":28},"end":{"line":74,"column":29}},"loc":{"start":{"line":74,"column":48},"end":{"line":84,"column":1}},"line":74},"3":{"name":"(anonymous_3)","decl":{"start":{"line":86,"column":28},"end":{"line":86,"column":29}},"loc":{"start":{"line":86,"column":48},"end":{"line":102,"column":1}},"line":86},"4":{"name":"(anonymous_4)","decl":{"start":{"line":104,"column":27},"end":{"line":104,"column":28}},"loc":{"start":{"line":104,"column":47},"end":{"line":125,"column":1}},"line":104},"5":{"name":"(anonymous_5)","decl":{"start":{"line":127,"column":27},"end":{"line":127,"column":28}},"loc":{"start":{"line":127,"column":47},"end":{"line":140,"column":1}},"line":127},"6":{"name":"(anonymous_6)","decl":{"start":{"line":142,"column":24},"end":{"line":142,"column":25}},"loc":{"start":{"line":142,"column":44},"end":{"line":155,"column":1}},"line":142}},"branchMap":{"0":{"loc":{"start":{"line":15,"column":36},"end":{"line":15,"column":51}},"type":"binary-expr","locations":[{"start":{"line":15,"column":36},"end":{"line":15,"column":43}},{"start":{"line":15,"column":47},"end":{"line":15,"column":51}}],"line":15},"1":{"loc":{"start":{"line":29,"column":4},"end":{"line":42,"column":5}},"type":"if","locations":[{"start":{"line":29,"column":4},"end":{"line":42,"column":5}},{"start":{},"end":{}}],"line":29},"2":{"loc":{"start":{"line":30,"column":6},"end":{"line":36,"column":13}},"type":"binary-expr","locations":[{"start":{"line":30,"column":7},"end":{"line":30,"column":16}},{"start":{"line":30,"column":20},"end":{"line":30,"column":44}},{"start":{"line":31,"column":6},"end":{"line":31,"column":13}},{"start":{"line":32,"column":6},"end":{"line":32,"column":18}},{"start":{"line":33,"column":6},"end":{"line":33,"column":18}},{"start":{"line":34,"column":6},"end":{"line":34,"column":22}},{"start":{"line":35,"column":6},"end":{"line":35,"column":18}},{"start":{"line":36,"column":6},"end":{"line":36,"column":13}}],"line":30},"3":{"loc":{"start":{"line":45,"column":4},"end":{"line":48,"column":5}},"type":"if","locations":[{"start":{"line":45,"column":4},"end":{"line":48,"column":5}},{"start":{},"end":{}}],"line":45},"4":{"loc":{"start":{"line":61,"column":15},"end":{"line":63,"column":40}},"type":"cond-expr","locations":[{"start":{"line":62,"column":10},"end":{"line":62,"column":37}},{"start":{"line":63,"column":10},"end":{"line":63,"column":40}}],"line":61},"5":{"loc":{"start":{"line":89,"column":4},"end":{"line":91,"column":5}},"type":"if","locations":[{"start":{"line":89,"column":4},"end":{"line":91,"column":5}},{"start":{},"end":{}}],"line":89},"6":{"loc":{"start":{"line":107,"column":4},"end":{"line":109,"column":5}},"type":"if","locations":[{"start":{"line":107,"column":4},"end":{"line":109,"column":5}},{"start":{},"end":{}}],"line":107},"7":{"loc":{"start":{"line":112,"column":4},"end":{"line":114,"column":5}},"type":"if","locations":[{"start":{"line":112,"column":4},"end":{"line":114,"column":5}},{"start":{},"end":{}}],"line":112},"8":{"loc":{"start":{"line":130,"column":4},"end":{"line":132,"column":5}},"type":"if","locations":[{"start":{"line":130,"column":4},"end":{"line":132,"column":5}},{"start":{},"end":{}}],"line":130},"9":{"loc":{"start":{"line":145,"column":4},"end":{"line":147,"column":5}},"type":"if","locations":[{"start":{"line":145,"column":4},"end":{"line":147,"column":5}},{"start":{},"end":{}}],"line":145}},"s":{"0":10,"1":10,"2":10,"3":1,"4":1,"5":1,"6":0,"7":10,"8":2,"9":2,"10":2,"11":2,"12":1,"13":1,"14":1,"15":0,"16":0,"17":1,"18":1,"19":0,"20":10,"21":1,"22":1,"23":1,"24":0,"25":10,"26":2,"27":2,"28":2,"29":1,"30":1,"31":0,"32":10,"33":1,"34":1,"35":1,"36":1,"37":0,"38":0,"39":0,"40":0,"41":0,"42":10,"43":0,"44":0,"45":0,"46":0,"47":0,"48":0,"49":10,"50":1,"51":1,"52":1,"53":1,"54":0,"55":0,"56":10},"f":{"0":1,"1":2,"2":1,"3":2,"4":1,"5":0,"6":1},"b":{"0":[1,1],"1":[1,1],"2":[2,2,1,1,1,1,1,1],"3":[0,1],"4":[0,1],"5":[1,1],"6":[1,0],"7":[0,0],"8":[0,0],"9":[1,0]},"_coverageSchema":"1a1c01bbd47fc00a2c39e90264f33305004495a9","hash":"8c90b7c6c12e6ed6c6251a22f37bc0b35e0580ab"}
,"/Users/amritchand/Desktop/tutor-bridge-web/backend/controllers/userController.js": {"path":"/Users/amritchand/Desktop/tutor-bridge-web/backend/controllers/userController.js","statementMap":{"0":{"start":{"line":1,"column":15},"end":{"line":1,"column":32}},"1":{"start":{"line":2,"column":12},"end":{"line":2,"column":35}},"2":{"start":{"line":11,"column":4},"end":{"line":11,"column":34}},"3":{"start":{"line":16,"column":4},"end":{"line":16,"column":33}},"4":{"start":{"line":21,"column":4},"end":{"line":21,"column":43}},"5":{"start":{"line":22,"column":52},"end":{"line":22,"column":87}},"6":{"start":{"line":23,"column":31},"end":{"line":23,"column":71}},"7":{"start":{"line":25,"column":22},"end":{"line":25,"column":42}},"8":{"start":{"line":26,"column":20},"end":{"line":26,"column":48}},"9":{"start":{"line":27,"column":24},"end":{"line":27,"column":26}},"10":{"start":{"line":29,"column":20},"end":{"line":30,"column":56}},"11":{"start":{"line":30,"column":2},"end":{"line":30,"column":56}},"12":{"start":{"line":32,"column":21},"end":{"line":105,"column":1}},"13":{"start":{"line":33,"column":2},"end":{"line":104,"column":3}},"14":{"start":{"line":34,"column":42},"end":{"line":34,"column":50}},"15":{"start":{"line":35,"column":18},"end":{"line":35,"column":54}},"16":{"start":{"line":37,"column":4},"end":{"line":41,"column":5}},"17":{"start":{"line":38,"column":6},"end":{"line":40,"column":9}},"18":{"start":{"line":43,"column":4},"end":{"line":47,"column":5}},"19":{"start":{"line":44,"column":6},"end":{"line":46,"column":9}},"20":{"start":{"line":49,"column":4},"end":{"line":53,"column":5}},"21":{"start":{"line":50,"column":6},"end":{"line":52,"column":9}},"22":{"start":{"line":55,"column":4},"end":{"line":59,"column":5}},"23":{"start":{"line":56,"column":6},"end":{"line":58,"column":9}},"24":{"start":{"line":61,"column":25},"end":{"line":61,"column":53}},"25":{"start":{"line":62,"column":4},"end":{"line":66,"column":5}},"26":{"start":{"line":63,"column":6},"end":{"line":65,"column":9}},"27":{"start":{"line":68,"column":27},"end":{"line":68,"column":58}},"28":{"start":{"line":69,"column":16},"end":{"line":69,"column":29}},"29":{"start":{"line":70,"column":22},"end":{"line":70,"column":72}},"30":{"start":{"line":72,"column":4},"end":{"line":79,"column":6}},"31":{"start":{"line":81,"column":4},"end":{"line":88,"column":5}},"32":{"start":{"line":82,"column":6},"end":{"line":82,"column":48}},"33":{"start":{"line":84,"column":6},"end":{"line":84,"column":104}},"34":{"start":{"line":85,"column":6},"end":{"line":87,"column":9}},"35":{"start":{"line":90,"column":4},"end":{"line":93,"column":7}},"36":{"start":{"line":95,"column":4},"end":{"line":99,"column":5}},"37":{"start":{"line":96,"column":6},"end":{"line":98,"column":9}},"38":{"start":{"line":100,"column":4},"end":{"line":103,"column":7}},"39":{"start":{"line":107,"column":18},"end":{"line":170,"column":1}},"40":{"start":{"line":108,"column":2},"end":{"line":169,"column":3}},"41":{"start":{"line":109,"column":20},"end":{"line":109,"column":28}},"42":{"start":{"line":110,"column":18},"end":{"line":110,"column":54}},"43":{"start":{"line":112,"column":4},"end":{"line":116,"column":5}},"44":{"start":{"line":113,"column":6},"end":{"line":115,"column":9}},"45":{"start":{"line":118,"column":20},"end":{"line":118,"column":51}},"46":{"start":{"line":119,"column":4},"end":{"line":123,"column":5}},"47":{"start":{"line":120,"column":6},"end":{"line":122,"column":9}},"48":{"start":{"line":125,"column":4},"end":{"line":130,"column":5}},"49":{"start":{"line":126,"column":6},"end":{"line":126,"column":40}},"50":{"start":{"line":127,"column":6},"end":{"line":129,"column":9}},"51":{"start":{"line":132,"column":4},"end":{"line":136,"column":5}},"52":{"start":{"line":133,"column":6},"end":{"line":135,"column":9}},"53":{"start":{"line":138,"column":25},"end":{"line":138,"column":53}},"54":{"start":{"line":139,"column":4},"end":{"line":144,"column":5}},"55":{"start":{"line":140,"column":6},"end":{"line":140,"column":40}},"56":{"start":{"line":141,"column":6},"end":{"line":143,"column":9}},"57":{"start":{"line":146,"column":17},"end":{"line":151,"column":5}},"58":{"start":{"line":152,"column":4},"end":{"line":152,"column":38}},"59":{"start":{"line":154,"column":4},"end":{"line":157,"column":7}},"60":{"start":{"line":159,"column":4},"end":{"line":164,"column":5}},"61":{"start":{"line":160,"column":6},"end":{"line":160,"column":71}},"62":{"start":{"line":161,"column":6},"end":{"line":163,"column":9}},"63":{"start":{"line":165,"column":4},"end":{"line":168,"column":7}},"64":{"start":{"line":172,"column":18},"end":{"line":226,"column":1}},"65":{"start":{"line":173,"column":2},"end":{"line":225,"column":3}},"66":{"start":{"line":174,"column":25},"end":{"line":174,"column":33}},"67":{"start":{"line":175,"column":18},"end":{"line":175,"column":54}},"68":{"start":{"line":177,"column":4},"end":{"line":181,"column":5}},"69":{"start":{"line":178,"column":6},"end":{"line":180,"column":9}},"70":{"start":{"line":183,"column":17},"end":{"line":183,"column":45}},"71":{"start":{"line":184,"column":4},"end":{"line":188,"column":5}},"72":{"start":{"line":185,"column":6},"end":{"line":187,"column":9}},"73":{"start":{"line":190,"column":20},"end":{"line":190,"column":65}},"74":{"start":{"line":191,"column":4},"end":{"line":195,"column":5}},"75":{"start":{"line":192,"column":6},"end":{"line":194,"column":9}},"76":{"start":{"line":197,"column":4},"end":{"line":201,"column":5}},"77":{"start":{"line":198,"column":6},"end":{"line":200,"column":9}},"78":{"start":{"line":203,"column":18},"end":{"line":211,"column":5}},"79":{"start":{"line":213,"column":49},"end":{"line":213,"column":53}},"80":{"start":{"line":215,"column":4},"end":{"line":219,"column":7}},"81":{"start":{"line":221,"column":4},"end":{"line":224,"column":7}},"82":{"start":{"line":228,"column":23},"end":{"line":247,"column":1}},"83":{"start":{"line":229,"column":2},"end":{"line":246,"column":3}},"84":{"start":{"line":230,"column":17},"end":{"line":230,"column":54}},"85":{"start":{"line":231,"column":4},"end":{"line":235,"column":5}},"86":{"start":{"line":232,"column":6},"end":{"line":234,"column":9}},"87":{"start":{"line":237,"column":49},"end":{"line":237,"column":53}},"88":{"start":{"line":238,"column":4},"end":{"line":240,"column":7}},"89":{"start":{"line":242,"column":4},"end":{"line":245,"column":7}},"90":{"start":{"line":249,"column":23},"end":{"line":291,"column":1}},"91":{"start":{"line":250,"column":2},"end":{"line":290,"column":3}},"92":{"start":{"line":251,"column":45},"end":{"line":251,"column":53}},"93":{"start":{"line":253,"column":4},"end":{"line":257,"column":5}},"94":{"start":{"line":254,"column":6},"end":{"line":256,"column":9}},"95":{"start":{"line":259,"column":4},"end":{"line":263,"column":5}},"96":{"start":{"line":260,"column":6},"end":{"line":262,"column":9}},"97":{"start":{"line":265,"column":17},"end":{"line":265,"column":54}},"98":{"start":{"line":266,"column":4},"end":{"line":270,"column":5}},"99":{"start":{"line":267,"column":6},"end":{"line":269,"column":9}},"100":{"start":{"line":272,"column":20},"end":{"line":272,"column":72}},"101":{"start":{"line":273,"column":4},"end":{"line":277,"column":5}},"102":{"start":{"line":274,"column":6},"end":{"line":276,"column":9}},"103":{"start":{"line":279,"column":27},"end":{"line":279,"column":61}},"104":{"start":{"line":280,"column":4},"end":{"line":280,"column":53}},"105":{"start":{"line":282,"column":4},"end":{"line":284,"column":7}},"106":{"start":{"line":286,"column":4},"end":{"line":289,"column":7}},"107":{"start":{"line":293,"column":23},"end":{"line":334,"column":1}},"108":{"start":{"line":294,"column":2},"end":{"line":333,"column":3}},"109":{"start":{"line":295,"column":18},"end":{"line":295,"column":54}},"110":{"start":{"line":297,"column":4},"end":{"line":301,"column":5}},"111":{"start":{"line":298,"column":6},"end":{"line":300,"column":9}},"112":{"start":{"line":303,"column":17},"end":{"line":303,"column":45}},"113":{"start":{"line":304,"column":4},"end":{"line":308,"column":5}},"114":{"start":{"line":305,"column":6},"end":{"line":307,"column":9}},"115":{"start":{"line":310,"column":16},"end":{"line":310,"column":29}},"116":{"start":{"line":311,"column":22},"end":{"line":311,"column":72}},"117":{"start":{"line":313,"column":4},"end":{"line":313,"column":53}},"118":{"start":{"line":315,"column":4},"end":{"line":322,"column":5}},"119":{"start":{"line":316,"column":6},"end":{"line":316,"column":66}},"120":{"start":{"line":318,"column":6},"end":{"line":318,"column":106}},"121":{"start":{"line":319,"column":6},"end":{"line":321,"column":9}},"122":{"start":{"line":324,"column":4},"end":{"line":327,"column":7}},"123":{"start":{"line":329,"column":4},"end":{"line":332,"column":7}},"124":{"start":{"line":336,"column":22},"end":{"line":392,"column":1}},"125":{"start":{"line":337,"column":2},"end":{"line":391,"column":3}},"126":{"start":{"line":338,"column":33},"end":{"line":338,"column":41}},"127":{"start":{"line":339,"column":18},"end":{"line":339,"column":54}},"128":{"start":{"line":341,"column":4},"end":{"line":345,"column":5}},"129":{"start":{"line":342,"column":6},"end":{"line":344,"column":9}},"130":{"start":{"line":347,"column":4},"end":{"line":351,"column":5}},"131":{"start":{"line":348,"column":6},"end":{"line":350,"column":9}},"132":{"start":{"line":353,"column":20},"end":{"line":353,"column":57}},"133":{"start":{"line":354,"column":4},"end":{"line":358,"column":5}},"134":{"start":{"line":355,"column":6},"end":{"line":357,"column":9}},"135":{"start":{"line":360,"column":4},"end":{"line":365,"column":5}},"136":{"start":{"line":361,"column":6},"end":{"line":361,"column":46}},"137":{"start":{"line":362,"column":6},"end":{"line":364,"column":9}},"138":{"start":{"line":367,"column":4},"end":{"line":371,"column":5}},"139":{"start":{"line":368,"column":6},"end":{"line":370,"column":9}},"140":{"start":{"line":373,"column":27},"end":{"line":373,"column":61}},"141":{"start":{"line":374,"column":17},"end":{"line":374,"column":60}},"142":{"start":{"line":375,"column":4},"end":{"line":375,"column":44}},"143":{"start":{"line":377,"column":4},"end":{"line":381,"column":5}},"144":{"start":{"line":378,"column":6},"end":{"line":380,"column":9}},"145":{"start":{"line":383,"column":4},"end":{"line":385,"column":7}},"146":{"start":{"line":387,"column":4},"end":{"line":390,"column":7}},"147":{"start":{"line":394,"column":17},"end":{"line":404,"column":1}},"148":{"start":{"line":395,"column":2},"end":{"line":403,"column":3}},"149":{"start":{"line":396,"column":18},"end":{"line":396,"column":37}},"150":{"start":{"line":397,"column":4},"end":{"line":397,"column":36}},"151":{"start":{"line":399,"column":4},"end":{"line":402,"column":7}},"152":{"start":{"line":406,"column":19},"end":{"line":434,"column":1}},"153":{"start":{"line":407,"column":2},"end":{"line":433,"column":3}},"154":{"start":{"line":408,"column":19},"end":{"line":408,"column":29}},"155":{"start":{"line":410,"column":23},"end":{"line":410,"column":44}},"156":{"start":{"line":411,"column":4},"end":{"line":415,"column":5}},"157":{"start":{"line":412,"column":6},"end":{"line":414,"column":9}},"158":{"start":{"line":417,"column":4},"end":{"line":421,"column":5}},"159":{"start":{"line":418,"column":6},"end":{"line":420,"column":9}},"160":{"start":{"line":423,"column":4},"end":{"line":423,"column":29}},"161":{"start":{"line":425,"column":4},"end":{"line":427,"column":7}},"162":{"start":{"line":429,"column":4},"end":{"line":432,"column":7}},"163":{"start":{"line":436,"column":26},"end":{"line":464,"column":1}},"164":{"start":{"line":437,"column":2},"end":{"line":463,"column":3}},"165":{"start":{"line":438,"column":26},"end":{"line":438,"column":34}},"166":{"start":{"line":440,"column":4},"end":{"line":444,"column":5}},"167":{"start":{"line":441,"column":6},"end":{"line":443,"column":9}},"168":{"start":{"line":446,"column":26},"end":{"line":446,"column":30}},"169":{"start":{"line":447,"column":4},"end":{"line":450,"column":5}},"170":{"start":{"line":448,"column":27},"end":{"line":448,"column":68}},"171":{"start":{"line":449,"column":6},"end":{"line":449,"column":48}},"172":{"start":{"line":452,"column":17},"end":{"line":452,"column":82}},"173":{"start":{"line":454,"column":4},"end":{"line":457,"column":7}},"174":{"start":{"line":459,"column":4},"end":{"line":462,"column":7}},"175":{"start":{"line":466,"column":0},"end":{"line":477,"column":2}}},"fnMap":{"0":{"name":"(anonymous_0)","decl":{"start":{"line":29,"column":20},"end":{"line":29,"column":21}},"loc":{"start":{"line":30,"column":2},"end":{"line":30,"column":56}},"line":30},"1":{"name":"(anonymous_1)","decl":{"start":{"line":32,"column":21},"end":{"line":32,"column":22}},"loc":{"start":{"line":32,"column":41},"end":{"line":105,"column":1}},"line":32},"2":{"name":"(anonymous_2)","decl":{"start":{"line":107,"column":18},"end":{"line":107,"column":19}},"loc":{"start":{"line":107,"column":38},"end":{"line":170,"column":1}},"line":107},"3":{"name":"(anonymous_3)","decl":{"start":{"line":172,"column":18},"end":{"line":172,"column":19}},"loc":{"start":{"line":172,"column":38},"end":{"line":226,"column":1}},"line":172},"4":{"name":"(anonymous_4)","decl":{"start":{"line":228,"column":23},"end":{"line":228,"column":24}},"loc":{"start":{"line":228,"column":43},"end":{"line":247,"column":1}},"line":228},"5":{"name":"(anonymous_5)","decl":{"start":{"line":249,"column":23},"end":{"line":249,"column":24}},"loc":{"start":{"line":249,"column":43},"end":{"line":291,"column":1}},"line":249},"6":{"name":"(anonymous_6)","decl":{"start":{"line":293,"column":23},"end":{"line":293,"column":24}},"loc":{"start":{"line":293,"column":43},"end":{"line":334,"column":1}},"line":293},"7":{"name":"(anonymous_7)","decl":{"start":{"line":336,"column":22},"end":{"line":336,"column":23}},"loc":{"start":{"line":336,"column":42},"end":{"line":392,"column":1}},"line":336},"8":{"name":"(anonymous_8)","decl":{"start":{"line":394,"column":17},"end":{"line":394,"column":18}},"loc":{"start":{"line":394,"column":37},"end":{"line":404,"column":1}},"line":394},"9":{"name":"(anonymous_9)","decl":{"start":{"line":406,"column":19},"end":{"line":406,"column":20}},"loc":{"start":{"line":406,"column":39},"end":{"line":434,"column":1}},"line":406},"10":{"name":"(anonymous_10)","decl":{"start":{"line":436,"column":26},"end":{"line":436,"column":27}},"loc":{"start":{"line":436,"column":46},"end":{"line":464,"column":1}},"line":436}},"branchMap":{"0":{"loc":{"start":{"line":37,"column":4},"end":{"line":41,"column":5}},"type":"if","locations":[{"start":{"line":37,"column":4},"end":{"line":41,"column":5}},{"start":{},"end":{}}],"line":37},"1":{"loc":{"start":{"line":37,"column":8},"end":{"line":37,"column":50}},"type":"binary-expr","locations":[{"start":{"line":37,"column":8},"end":{"line":37,"column":18}},{"start":{"line":37,"column":22},"end":{"line":37,"column":28}},{"start":{"line":37,"column":32},"end":{"line":37,"column":41}},{"start":{"line":37,"column":45},"end":{"line":37,"column":50}}],"line":37},"2":{"loc":{"start":{"line":43,"column":4},"end":{"line":47,"column":5}},"type":"if","locations":[{"start":{"line":43,"column":4},"end":{"line":47,"column":5}},{"start":{},"end":{}}],"line":43},"3":{"loc":{"start":{"line":49,"column":4},"end":{"line":53,"column":5}},"type":"if","locations":[{"start":{"line":49,"column":4},"end":{"line":53,"column":5}},{"start":{},"end":{}}],"line":49},"4":{"loc":{"start":{"line":55,"column":4},"end":{"line":59,"column":5}},"type":"if","locations":[{"start":{"line":55,"column":4},"end":{"line":59,"column":5}},{"start":{},"end":{}}],"line":55},"5":{"loc":{"start":{"line":62,"column":4},"end":{"line":66,"column":5}},"type":"if","locations":[{"start":{"line":62,"column":4},"end":{"line":66,"column":5}},{"start":{},"end":{}}],"line":62},"6":{"loc":{"start":{"line":95,"column":4},"end":{"line":99,"column":5}},"type":"if","locations":[{"start":{"line":95,"column":4},"end":{"line":99,"column":5}},{"start":{},"end":{}}],"line":95},"7":{"loc":{"start":{"line":112,"column":4},"end":{"line":116,"column":5}},"type":"if","locations":[{"start":{"line":112,"column":4},"end":{"line":116,"column":5}},{"start":{},"end":{}}],"line":112},"8":{"loc":{"start":{"line":112,"column":8},"end":{"line":112,"column":22}},"type":"binary-expr","locations":[{"start":{"line":112,"column":8},"end":{"line":112,"column":14}},{"start":{"line":112,"column":18},"end":{"line":112,"column":22}}],"line":112},"9":{"loc":{"start":{"line":119,"column":4},"end":{"line":123,"column":5}},"type":"if","locations":[{"start":{"line":119,"column":4},"end":{"line":123,"column":5}},{"start":{},"end":{}}],"line":119},"10":{"loc":{"start":{"line":125,"column":4},"end":{"line":130,"column":5}},"type":"if","locations":[{"start":{"line":125,"column":4},"end":{"line":130,"column":5}},{"start":{},"end":{}}],"line":125},"11":{"loc":{"start":{"line":132,"column":4},"end":{"line":136,"column":5}},"type":"if","locations":[{"start":{"line":132,"column":4},"end":{"line":136,"column":5}},{"start":{},"end":{}}],"line":132},"12":{"loc":{"start":{"line":139,"column":4},"end":{"line":144,"column":5}},"type":"if","locations":[{"start":{"line":139,"column":4},"end":{"line":144,"column":5}},{"start":{},"end":{}}],"line":139},"13":{"loc":{"start":{"line":159,"column":4},"end":{"line":164,"column":5}},"type":"if","locations":[{"start":{"line":159,"column":4},"end":{"line":164,"column":5}},{"start":{},"end":{}}],"line":159},"14":{"loc":{"start":{"line":177,"column":4},"end":{"line":181,"column":5}},"type":"if","locations":[{"start":{"line":177,"column":4},"end":{"line":181,"column":5}},{"start":{},"end":{}}],"line":177},"15":{"loc":{"start":{"line":177,"column":8},"end":{"line":177,"column":27}},"type":"binary-expr","locations":[{"start":{"line":177,"column":8},"end":{"line":177,"column":14}},{"start":{"line":177,"column":18},"end":{"line":177,"column":27}}],"line":177},"16":{"loc":{"start":{"line":184,"column":4},"end":{"line":188,"column":5}},"type":"if","locations":[{"start":{"line":184,"column":4},"end":{"line":188,"column":5}},{"start":{},"end":{}}],"line":184},"17":{"loc":{"start":{"line":191,"column":4},"end":{"line":195,"column":5}},"type":"if","locations":[{"start":{"line":191,"column":4},"end":{"line":195,"column":5}},{"start":{},"end":{}}],"line":191},"18":{"loc":{"start":{"line":197,"column":4},"end":{"line":201,"column":5}},"type":"if","locations":[{"start":{"line":197,"column":4},"end":{"line":201,"column":5}},{"start":{},"end":{}}],"line":197},"19":{"loc":{"start":{"line":231,"column":4},"end":{"line":235,"column":5}},"type":"if","locations":[{"start":{"line":231,"column":4},"end":{"line":235,"column":5}},{"start":{},"end":{}}],"line":231},"20":{"loc":{"start":{"line":253,"column":4},"end":{"line":257,"column":5}},"type":"if","locations":[{"start":{"line":253,"column":4},"end":{"line":257,"column":5}},{"start":{},"end":{}}],"line":253},"21":{"loc":{"start":{"line":253,"column":8},"end":{"line":253,"column":40}},"type":"binary-expr","locations":[{"start":{"line":253,"column":8},"end":{"line":253,"column":24}},{"start":{"line":253,"colu
[...]
,"/Users/amritchand/Desktop/tutor-bridge-web/backend/routes/bookingRoutes.js": {"path":"/Users/amritchand/Desktop/tutor-bridge-web/backend/routes/bookingRoutes.js","statementMap":{"0":{"start":{"line":1,"column":16},"end":{"line":1,"column":34}},"1":{"start":{"line":2,"column":15},"end":{"line":2,"column":31}},"2":{"start":{"line":9,"column":4},"end":{"line":9,"column":47}},"3":{"start":{"line":10,"column":32},"end":{"line":10,"column":71}},"4":{"start":{"line":12,"column":0},"end":{"line":12,"column":65}},"5":{"start":{"line":13,"column":0},"end":{"line":13,"column":74}},"6":{"start":{"line":14,"column":0},"end":{"line":14,"column":67}},"7":{"start":{"line":15,"column":0},"end":{"line":15,"column":76}},"8":{"start":{"line":16,"column":0},"end":{"line":16,"column":76}},"9":{"start":{"line":18,"column":0},"end":{"line":18,"column":24}}},"fnMap":{},"branchMap":{},"s":{"0":10,"1":10,"2":10,"3":10,"4":10,"5":10,"6":10,"7":10,"8":10,"9":10},"f":{},"b":{},"_coverageSchema":"1a1c01bbd47fc00a2c39e90264f33305004495a9","hash":"74cb2cb32a17ba0ad0a9c82725da74fb009cd1d6"}
,"/Users/amritchand/Desktop/tutor-bridge-web/backend/routes/chatRoutes.js": {"path":"/Users/amritchand/Desktop/tutor-bridge-web/backend/routes/chatRoutes.js","statementMap":{"0":{"start":{"line":1,"column":16},"end":{"line":1,"column":34}},"1":{"start":{"line":2,"column":15},"end":{"line":2,"column":31}},"2":{"start":{"line":3,"column":37},"end":{"line":3,"column":77}},"3":{"start":{"line":4,"column":20},"end":{"line":4,"column":59}},"4":{"start":{"line":6,"column":0},"end":{"line":6,"column":55}},"5":{"start":{"line":7,"column":0},"end":{"line":7,"column":56}},"6":{"start":{"line":9,"column":0},"end":{"line":9,"column":24}}},"fnMap":{},"branchMap":{},"s":{"0":10,"1":10,"2":10,"3":10,"4":10,"5":10,"6":10},"f":{},"b":{},"_coverageSchema":"1a1c01bbd47fc00a2c39e90264f33305004495a9","hash":"0ed38bcf9732b1061140877608e809f3574ea0ea"}
,"/Users/amritchand/Desktop/tutor-bridge-web/backend/routes/notificationRoutes.js": {"path":"/Users/amritchand/Desktop/tutor-bridge-web/backend/routes/notificationRoutes.js","statementMap":{"0":{"start":{"line":1,"column":16},"end":{"line":1,"column":34}},"1":{"start":{"line":2,"column":15},"end":{"line":2,"column":31}},"2":{"start":{"line":3,"column":53},"end":{"line":3,"column":101}},"3":{"start":{"line":4,"column":20},"end":{"line":4,"column":59}},"4":{"start":{"line":6,"column":0},"end":{"line":6,"column":47}},"5":{"start":{"line":7,"column":0},"end":{"line":7,"column":55}},"6":{"start":{"line":9,"column":0},"end":{"line":9,"column":24}}},"fnMap":{},"branchMap":{},"s":{"0":10,"1":10,"2":10,"3":10,"4":10,"5":10,"6":10},"f":{},"b":{},"_coverageSchema":"1a1c01bbd47fc00a2c39e90264f33305004495a9","hash":"499381f9d92f0747a4ade53d090e25e95dd1911e"}
,"/Users/amritchand/Desktop/tutor-bridge-web/backend/routes/paymentRoutes.js": {"path":"/Users/amritchand/Desktop/tutor-bridge-web/backend/routes/paymentRoutes.js","statementMap":{"0":{"start":{"line":1,"column":16},"end":{"line":1,"column":34}},"1":{"start":{"line":2,"column":15},"end":{"line":2,"column":31}},"2":{"start":{"line":3,"column":57},"end":{"line":3,"column":100}},"3":{"start":{"line":4,"column":32},"end":{"line":4,"column":71}},"4":{"start":{"line":6,"column":0},"end":{"line":6,"column":81}},"5":{"start":{"line":7,"column":0},"end":{"line":7,"column":77}},"6":{"start":{"line":9,"column":0},"end":{"line":9,"column":24}}},"fnMap":{},"branchMap":{},"s":{"0":10,"1":10,"2":10,"3":10,"4":10,"5":10,"6":10},"f":{},"b":{},"_coverageSchema":"1a1c01bbd47fc00a2c39e90264f33305004495a9","hash":"5c95490eb2c3f598e816c99cfbd321482a16c95f"}
,"/Users/amritchand/Desktop/tutor-bridge-web/backend/routes/reviewRoutes.js": {"path":"/Users/amritchand/Desktop/tutor-bridge-web/backend/routes/reviewRoutes.js","statementMap":{"0":{"start":{"line":1,"column":16},"end":{"line":1,"column":34}},"1":{"start":{"line":2,"column":15},"end":{"line":2,"column":31}},"2":{"start":{"line":3,"column":48},"end":{"line":3,"column":90}},"3":{"start":{"line":4,"column":32},"end":{"line":4,"column":71}},"4":{"start":{"line":6,"column":0},"end":{"line":6,"column":53}},"5":{"start":{"line":7,"column":0},"end":{"line":7,"column":68}},"6":{"start":{"line":8,"column":0},"end":{"line":8,"column":73}},"7":{"start":{"line":10,"column":0},"end":{"line":10,"column":24}}},"fnMap":{},"branchMap":{},"s":{"0":10,"1":10,"2":10,"3":10,"4":10,"5":10,"6":10,"7":10},"f":{},"b":{},"_coverageSchema":"1a1c01bbd47fc00a2c39e90264f33305004495a9","hash":"7882810b1e0c5b7d9be5401d58be8d78d7662a7e"}
,"/Users/amritchand/Desktop/tutor-bridge-web/backend/routes/supportTicketRoutes.js": {"path":"/Users/amritchand/Desktop/tutor-bridge-web/backend/routes/supportTicketRoutes.js","statementMap":{"0":{"start":{"line":1,"column":16},"end":{"line":1,"column":34}},"1":{"start":{"line":2,"column":15},"end":{"line":2,"column":31}},"2":{"start":{"line":9,"column":4},"end":{"line":9,"column":53}},"3":{"start":{"line":10,"column":32},"end":{"line":10,"column":71}},"4":{"start":{"line":12,"column":0},"end":{"line":12,"column":47}},"5":{"start":{"line":13,"column":0},"end":{"line":13,"column":41}},"6":{"start":{"line":14,"column":0},"end":{"line":14,"column":66}},"7":{"start":{"line":15,"column":0},"end":{"line":15,"column":45}},"8":{"start":{"line":16,"column":0},"end":{"line":16,"column":50}},"9":{"start":{"line":18,"column":0},"end":{"line":18,"column":24}}},"fnMap":{},"branchMap":{},"s":{"0":10,"1":10,"2":10,"3":10,"4":10,"5":10,"6":10,"7":10,"8":10,"9":10},"f":{},"b":{},"_coverageSchema":"1a1c01bbd47fc00a2c39e90264f33305004495a9","hash":"f5eaa1b4011b7bc3b0f5c74662d1ae96df21b584"}
,"/Users/amritchand/Desktop/tutor-bridge-web/backend/routes/tuitionRequestRoutes.js": {"path":"/Users/amritchand/Desktop/tutor-bridge-web/backend/routes/tuitionRequestRoutes.js","statementMap":{"0":{"start":{"line":1,"column":16},"end":{"line":1,"column":34}},"1":{"start":{"line":2,"column":15},"end":{"line":2,"column":31}},"2":{"start":{"line":3,"column":69},"end":{"line":3,"column":119}},"3":{"start":{"line":10,"column":4},"end":{"line":10,"column":58}},"4":{"start":{"line":11,"column":32},"end":{"line":11,"column":71}},"5":{"start":{"line":13,"column":0},"end":{"line":13,"column":64}},"6":{"start":{"line":14,"column":0},"end":{"line":14,"column":59}},"7":{"start":{"line":15,"column":0},"end":{"line":15,"column":65}},"8":{"start":{"line":16,"column":0},"end":{"line":16,"column":81}},"9":{"start":{"line":18,"column":0},"end":{"line":18,"column":72}},"10":{"start":{"line":19,"column":0},"end":{"line":19,"column":92}},"11":{"start":{"line":20,"column":0},"end":{"line":20,"column":98}},"12":{"start":{"line":21,"column":0},"end":{"line":21,"column":98}},"13":{"start":{"line":22,"column":0},"end":{"line":22,"column":69}},"14":{"start":{"line":24,"column":0},"end":{"line":24,"column":24}}},"fnMap":{},"branchMap":{},"s":{"0":10,"1":10,"2":10,"3":10,"4":10,"5":10,"6":10,"7":10,"8":10,"9":10,"10":10,"11":10,"12":10,"13":10,"14":10},"f":{},"b":{},"_coverageSchema":"1a1c01bbd47fc00a2c39e90264f33305004495a9","hash":"d02c96faaf6a1d2442cad3efc8eae012c0d869ce"}
,"/Users/amritchand/Desktop/tutor-bridge-web/backend/routes/tutorProfileRoutes.js": {"path":"/Users/amritchand/Desktop/tutor-bridge-web/backend/routes/tutorProfileRoutes.js","statementMap":{"0":{"start":{"line":1,"column":16},"end":{"line":1,"column":34}},"1":{"start":{"line":2,"column":15},"end":{"line":2,"column":31}},"2":{"start":{"line":11,"column":4},"end":{"line":11,"column":52}},"3":{"start":{"line":12,"column":32},"end":{"line":12,"column":71}},"4":{"start":{"line":13,"column":21},"end":{"line":13,"column":52}},"5":{"start":{"line":15,"column":0},"end":{"line":15,"column":62}},"6":{"start":{"line":16,"column":0},"end":{"line":16,"column":71}},"7":{"start":{"line":17,"column":0},"end":{"line":17,"column":68}},"8":{"start":{"line":19,"column":0},"end":{"line":19,"column":67}},"9":{"start":{"line":20,"column":0},"end":{"line":20,"column":78}},"10":{"start":{"line":21,"column":0},"end":{"line":21,"column":76}},"11":{"start":{"line":22,"column":0},"end":{"line":22,"column":72}},"12":{"start":{"line":24,"column":0},"end":{"line":24,"column":24}}},"fnMap":{},"branchMap":{},"s":{"0":10,"1":10,"2":10,"3":10,"4":10,"5":10,"6":10,"7":10,"8":10,"9":10,"10":10,"11":10,"12":10},"f":{},"b":{},"_coverageSchema":"1a1c01bbd47fc00a2c39e90264f33305004495a9","hash":"e9663cebcb7f6d1b6be9acac41be90c60b06da2c"}
,"/Users/amritchand/Desktop/tutor-bridge-web/backend/routes/userRoutes.js": {"path":"/Users/amritchand/Desktop/tutor-bridge-web/backend/routes/userRoutes.js","statementMap":{"0":{"start":{"line":1,"column":16},"end":{"line":1,"column":34}},"1":{"start":{"line":2,"column":15},"end":{"line":2,"column":31}},"2":{"start":{"line":14,"column":4},"end":{"line":14,"column":44}},"3":{"start":{"line":15,"column":32},"end":{"line":15,"column":71}},"4":{"start":{"line":16,"column":31},"end":{"line":16,"column":62}},"5":{"start":{"line":18,"column":0},"end":{"line":18,"column":39}},"6":{"start":{"line":19,"column":0},"end":{"line":19,"column":38}},"7":{"start":{"line":20,"column":0},"end":{"line":20,"column":33}},"8":{"start":{"line":21,"column":0},"end":{"line":21,"column":43}},"9":{"start":{"line":22,"column":0},"end":{"line":22,"column":48}},"10":{"start":{"line":23,"column":0},"end":{"line":23,"column":46}},"11":{"start":{"line":24,"column":0},"end":{"line":24,"column":57}},"12":{"start":{"line":25,"column":0},"end":{"line":25,"column":71}},"13":{"start":{"line":26,"column":0},"end":{"line":26,"column":56}},"14":{"start":{"line":27,"column":0},"end":{"line":27,"column":64}},"15":{"start":{"line":29,"column":0},"end":{"line":29,"column":24}}},"fnMap":{},"branchMap":{},"s":{"0":10,"1":10,"2":10,"3":10,"4":10,"5":10,"6":10,"7":10,"8":10,"9":10,"10":10,"11":10,"12":10,"13":10,"14":10,"15":10},"f":{},"b":{},"_coverageSchema":"1a1c01bbd47fc00a2c39e90264f33305004495a9","hash":"4c7a254259c7bf7690208c6f82f2356d4747c382"}
,"/Users/amritchand/Desktop/tutor-bridge-web/backend/services/cloudinaryService.js": {"path":"/Users/amritchand/Desktop/tutor-bridge-web/backend/services/cloudinaryService.js","statementMap":{"0":{"start":{"line":1,"column":19},"end":{"line":1,"column":50}},"1":{"start":{"line":3,"column":20},"end":{"line":11,"column":1}},"2":{"start":{"line":4,"column":2},"end":{"line":10,"column":5}},"3":{"start":{"line":5,"column":19},"end":{"line":8,"column":6}},"4":{"start":{"line":6,"column":6},"end":{"line":6,"column":38}},"5":{"start":{"line":6,"column":17},"end":{"line":6,"column":38}},"6":{"start":{"line":7,"column":6},"end":{"line":7,"column":22}},"7":{"start":{"line":9,"column":4},"end":{"line":9,"column":27}},"8":{"start":{"line":13,"column":27},"end":{"line":13,"column":97}},"9":{"start":{"line":13,"column":43},"end":{"line":13,"column":97}},"10":{"start":{"line":14,"column":22},"end":{"line":14,"column":87}},"11":{"start":{"line":14,"column":38},"end":{"line":14,"column":87}},"12":{"start":{"line":16,"column":0},"end":{"line":16,"column":55}}},"fnMap":{"0":{"name":"(anonymous_0)","decl":{"start":{"line":3,"column":20},"end":{"line":3,"column":21}},"loc":{"start":{"line":3,"column":44},"end":{"line":11,"column":1}},"line":3},"1":{"name":"(anonymous_1)","decl":{"start":{"line":4,"column":21},"end":{"line":4,"column":22}},"loc":{"start":{"line":4,"column":42},"end":{"line":10,"column":3}},"line":4},"2":{"name":"(anonymous_2)","decl":{"start":{"line":5,"column":65},"end":{"line":5,"column":66}},"loc":{"start":{"line":5,"column":84},"end":{"line":8,"column":5}},"line":5},"3":{"name":"(anonymous_3)","decl":{"start":{"line":13,"column":27},"end":{"line":13,"column":28}},"loc":{"start":{"line":13,"column":43},"end":{"line":13,"column":97}},"line":13},"4":{"name":"(anonymous_4)","decl":{"start":{"line":14,"column":22},"end":{"line":14,"column":23}},"loc":{"start":{"line":14,"column":38},"end":{"line":14,"column":87}},"line":14}},"branchMap":{"0":{"loc":{"start":{"line":6,"column":6},"end":{"line":6,"column":38}},"type":"if","locations":[{"start":{"line":6,"column":6},"end":{"line":6,"column":38}},{"start":{},"end":{}}],"line":6}},"s":{"0":10,"1":10,"2":0,"3":0,"4":0,"5":0,"6":0,"7":0,"8":10,"9":0,"10":10,"11":0,"12":10},"f":{"0":0,"1":0,"2":0,"3":0,"4":0},"b":{"0":[0,0]},"_coverageSchema":"1a1c01bbd47fc00a2c39e90264f33305004495a9","hash":"1ecca0ef1e6f61160989abe9ef064cf2bbbbbe68"}
,"/Users/amritchand/Desktop/tutor-bridge-web/backend/services/emailService.js": {"path":"/Users/amritchand/Desktop/tutor-bridge-web/backend/services/emailService.js","statementMap":{"0":{"start":{"line":1,"column":19},"end":{"line":1,"column":40}},"1":{"start":{"line":3,"column":20},"end":{"line":9,"column":2}},"2":{"start":{"line":11,"column":21},"end":{"line":18,"column":1}},"3":{"start":{"line":12,"column":2},"end":{"line":17,"column":5}},"4":{"start":{"line":20,"column":34},"end":{"line":27,"column":1}},"5":{"start":{"line":21,"column":2},"end":{"line":26,"column":5}},"6":{"start":{"line":29,"column":0},"end":{"line":29,"column":61}}},"fnMap":{"0":{"name":"(anonymous_0)","decl":{"start":{"line":11,"column":21},"end":{"line":11,"column":22}},"loc":{"start":{"line":11,"column":53},"end":{"line":18,"column":1}},"line":11},"1":{"name":"(anonymous_1)","decl":{"start":{"line":20,"column":34},"end":{"line":20,"column":35}},"loc":{"start":{"line":20,"column":66},"end":{"line":27,"column":1}},"line":20}},"branchMap":{},"s":{"0":8,"1":8,"2":8,"3":0,"4":8,"5":0,"6":8},"f":{"0":0,"1":0},"b":{},"_coverageSchema":"1a1c01bbd47fc00a2c39e90264f33305004495a9","hash":"7dd4cc99deef65673c0249268476628bab18851b"}
,"/Users/amritchand/Desktop/tutor-bridge-web/backend/services/khaltiService.js": {"path":"/Users/amritchand/Desktop/tutor-bridge-web/backend/services/khaltiService.js","statementMap":{"0":{"start":{"line":1,"column":24},"end":{"line":1,"column":86}},"1":{"start":{"line":3,"column":22},"end":{"line":18,"column":1}},"2":{"start":{"line":4,"column":19},"end":{"line":11,"column":4}},"3":{"start":{"line":13,"column":15},"end":{"line":13,"column":36}},"4":{"start":{"line":14,"column":2},"end":{"line":16,"column":3}},"5":{"start":{"line":15,"column":4},"end":{"line":15,"column":58}},"6":{"start":{"line":17,"column":2},"end":{"line":17,"column":14}},"7":{"start":{"line":20,"column":24},"end":{"line":29,"column":1}},"8":{"start":{"line":21,"column":2},"end":{"line":28,"column":5}},"9":{"start":{"line":31,"column":22},"end":{"line":33,"column":1}},"10":{"start":{"line":32,"column":2},"end":{"line":32,"column":54}},"11":{"start":{"line":35,"column":0},"end":{"line":35,"column":52}}},"fnMap":{"0":{"name":"(anonymous_0)","decl":{"start":{"line":3,"column":22},"end":{"line":3,"column":23}},"loc":{"start":{"line":3,"column":44},"end":{"line":18,"column":1}},"line":3},"1":{"name":"(anonymous_1)","decl":{"start":{"line":20,"column":24},"end":{"line":20,"column":25}},"loc":{"start":{"line":20,"column":113},"end":{"line":29,"column":1}},"line":20},"2":{"name":"(anonymous_2)","decl":{"start":{"line":31,"column":22},"end":{"line":31,"column":23}},"loc":{"start":{"line":31,"column":32},"end":{"line":33,"column":1}},"line":31}},"branchMap":{"0":{"loc":{"start":{"line":1,"column":24},"end":{"line":1,"column":86}},"type":"binary-expr","locations":[{"start":{"line":1,"column":24},"end":{"line":1,"column":51}},{"start":{"line":1,"column":55},"end":{"line":1,"column":86}}],"line":1},"1":{"loc":{"start":{"line":14,"column":2},"end":{"line":16,"column":3}},"type":"if","locations":[{"start":{"line":14,"column":2},"end":{"line":16,"column":3}},{"start":{},"end":{}}],"line":14},"2":{"loc":{"start":{"line":15,"column":20},"end":{"line":15,"column":56}},"type":"binary-expr","locations":[{"start":{"line":15,"column":20},"end":{"line":15,"column":32}},{"start":{"line":15,"column":36},"end":{"line":15,"column":56}}],"line":15}},"s":{"0":10,"1":10,"2":0,"3":0,"4":0,"5":0,"6":0,"7":10,"8":0,"9":10,"10":0,"11":10},"f":{"0":0,"1":0,"2":0},"b":{"0":[10,0],"1":[0,0],"2":[0,0]},"_coverageSchema":"1a1c01bbd47fc00a2c39e90264f33305004495a9","hash":"d8464089ef38eb222a2e978bb91b2a5329e1bfc8"}
,"/Users/amritchand/Desktop/tutor-bridge-web/backend/services/socketService.js": {"path":"/Users/amritchand/Desktop/tutor-bridge-web/backend/services/socketService.js","statementMap":{"0":{"start":{"line":1,"column":19},"end":{"line":1,"column":39}},"1":{"start":{"line":2,"column":12},"end":{"line":2,"column":35}},"2":{"start":{"line":4,"column":9},"end":{"line":4,"column":13}},"3":{"start":{"line":6,"column":13},"end":{"line":30,"column":1}},"4":{"start":{"line":7,"column":2},"end":{"line":9,"column":5}},"5":{"start":{"line":11,"column":2},"end":{"line":22,"column":5}},"6":{"start":{"line":12,"column":18},"end":{"line":12,"column":46}},"7":{"start":{"line":13,"column":4},"end":{"line":13,"column":60}},"8":{"start":{"line":13,"column":16},"end":{"line":13,"column":60}},"9":{"start":{"line":15,"column":4},"end":{"line":21,"column":5}},"10":{"start":{"line":16,"column":22},"end":{"line":16,"column":63}},"11":{"start":{"line":17,"column":6},"end":{"line":17,"column":28}},"12":{"start":{"line":18,"column":6},"end":{"line":18,"column":13}},"13":{"start":{"line":20,"column":6},"end":{"line":20,"column":50}},"14":{"start":{"line":24,"column":2},"end":{"line":27,"column":5}},"15":{"start":{"line":25,"column":4},"end":{"line":25,"column":47}},"16":{"start":{"line":26,"column":4},"end":{"line":26,"column":44}},"17":{"start":{"line":29,"column":2},"end":{"line":29,"column":12}},"18":{"start":{"line":32,"column":19},"end":{"line":34,"column":1}},"19":{"start":{"line":33,"column":2},"end":{"line":33,"column":55}},"20":{"start":{"line":33,"column":10},"end":{"line":33,"column":55}},"21":{"start":{"line":36,"column":19},"end":{"line":38,"column":1}},"22":{"start":{"line":37,"column":2},"end":{"line":37,"column":53}},"23":{"start":{"line":37,"column":10},"end":{"line":37,"column":53}},"24":{"start":{"line":40,"column":0},"end":{"line":40,"column":50}}},"fnMap":{"0":{"name":"(anonymous_0)","decl":{"start":{"line":6,"column":13},"end":{"line":6,"column":14}},"loc":{"start":{"line":6,"column":29},"end":{"line":30,"column":1}},"line":6},"1":{"name":"(anonymous_1)","decl":{"start":{"line":11,"column":9},"end":{"line":11,"column":10}},"loc":{"start":{"line":11,"column":27},"end":{"line":22,"column":3}},"line":11},"2":{"name":"(anonymous_2)","decl":{"start":{"line":24,"column":22},"end":{"line":24,"column":23}},"loc":{"start":{"line":24,"column":34},"end":{"line":27,"column":3}},"line":24},"3":{"name":"(anonymous_3)","decl":{"start":{"line":32,"column":19},"end":{"line":32,"column":20}},"loc":{"start":{"line":32,"column":47},"end":{"line":34,"column":1}},"line":32},"4":{"name":"(anonymous_4)","decl":{"start":{"line":36,"column":19},"end":{"line":36,"column":20}},"loc":{"start":{"line":36,"column":45},"end":{"line":38,"column":1}},"line":36}},"branchMap":{"0":{"loc":{"start":{"line":13,"column":4},"end":{"line":13,"column":60}},"type":"if","locations":[{"start":{"line":13,"column":4},"end":{"line":13,"column":60}},{"start":{},"end":{}}],"line":13},"1":{"loc":{"start":{"line":33,"column":2},"end":{"line":33,"column":55}},"type":"if","locations":[{"start":{"line":33,"column":2},"end":{"line":33,"column":55}},{"start":{},"end":{}}],"line":33},"2":{"loc":{"start":{"line":37,"column":2},"end":{"line":37,"column":53}},"type":"if","locations":[{"start":{"line":37,"column":2},"end":{"line":37,"column":53}},{"start":{},"end":{}}],"line":37}},"s":{"0":8,"1":8,"2":8,"3":8,"4":8,"5":8,"6":0,"7":0,"8":0,"9":0,"10":0,"11":0,"12":0,"13":0,"14":8,"15":0,"16":0,"17":8,"18":8,"19":0,"20":0,"21":8,"22":0,"23":0,"24":8},"f":{"0":8,"1":0,"2":0,"3":0,"4":0},"b":{"0":[0,0],"1":[0,0],"2":[0,0]},"_coverageSchema":"1a1c01bbd47fc00a2c39e90264f33305004495a9","hash":"a107479101faec21fb5fb834de8f8c083960d496"}
}
