TN:
SF:server.js
FN:38,(anonymous_0)
FN:43,(anonymous_1)
FN:66,(anonymous_2)
FNF:3
FNH:0
FNDA:0,(anonymous_0)
FNDA:0,(anonymous_1)
FNDA:0,(anonymous_2)
DA:1,10
DA:3,10
DA:4,10
DA:5,10
DA:6,10
DA:7,10
DA:8,10
DA:9,10
DA:10,10
DA:11,10
DA:12,10
DA:13,10
DA:14,10
DA:15,10
DA:16,10
DA:18,10
DA:19,10
DA:20,10
DA:23,10
DA:24,10
DA:27,10
DA:28,10
DA:29,10
DA:30,10
DA:31,10
DA:32,10
DA:33,10
DA:34,10
DA:35,10
DA:38,10
DA:39,0
DA:43,10
DA:44,0
DA:45,0
DA:47,0
DA:53,0
DA:62,10
DA:65,10
DA:66,0
DA:67,0
DA:72,10
LF:41
LH:34
BRDA:62,0,0,10
BRDA:62,0,1,0
BRDA:65,1,0,0
BRDA:65,1,1,10
BRF:4
BRH:2
end_of_record
TN:
SF:config/cloudinary.js
FNF:0
FNH:0
DA:1,10
DA:2,10
DA:4,10
DA:10,10
LF:4
LH:4
BRF:0
BRH:0
end_of_record
TN:
SF:controllers/bookingController.js
FN:12,(anonymous_0)
FN:24,(anonymous_1)
FN:36,(anonymous_2)
FN:48,(anonymous_3)
FN:78,(anonymous_4)
FNF:5
FNH:5
FNDA:1,(anonymous_0)
FNDA:1,(anonymous_1)
FNDA:1,(anonymous_2)
FNDA:3,(anonymous_3)
FNDA:2,(anonymous_4)
DA:8,10
DA:9,10
DA:10,10
DA:12,10
DA:13,1
DA:14,1
DA:15,1
DA:17,0
DA:24,10
DA:25,1
DA:26,1
DA:27,1
DA:29,0
DA:36,10
DA:37,1
DA:38,1
DA:39,1
DA:41,0
DA:48,10
DA:49,3
DA:50,3
DA:51,3
DA:52,1
DA:54,2
DA:55,1
DA:58,1
DA:60,1
DA:61,1
DA:62,1
DA:63,1
DA:64,1
DA:66,1
DA:71,0
DA:78,10
DA:79,2
DA:80,2
DA:81,2
DA:82,1
DA:85,1
DA:86,1
DA:87,0
DA:89,1
DA:90,0
DA:93,1
DA:94,1
DA:99,0
DA:106,10
LF:47
LH:40
BRDA:51,0,0,1
BRDA:51,0,1,2
BRDA:54,1,0,1
BRDA:54,1,1,1
BRDA:81,2,0,1
BRDA:81,2,1,1
BRDA:86,3,0,0
BRDA:86,3,1,1
BRDA:89,4,0,0
BRDA:89,4,1,1
BRF:10
BRH:8
end_of_record
TN:
SF:controllers/chatController.js
FN:4,(anonymous_0)
FN:22,(anonymous_1)
FNF:2
FNH:0
FNDA:0,(anonymous_0)
FNDA:0,(anonymous_1)
DA:1,10
DA:2,10
DA:4,10
DA:5,0
DA:6,0
DA:7,0
DA:8,0
DA:9,0
DA:12,0
DA:13,0
DA:15,0
DA:22,10
DA:23,0
DA:24,0
DA:25,0
DA:26,0
DA:29,0
DA:30,0
DA:31,0
DA:32,0
DA:35,0
DA:36,0
DA:38,0
DA:45,10
LF:24
LH:5
BRDA:8,0,0,0
BRDA:8,0,1,0
BRDA:25,1,0,0
BRDA:25,1,1,0
BRDA:25,2,0,0
BRDA:25,2,1,0
BRDA:31,3,0,0
BRDA:31,3,1,0
BRF:8
BRH:0
end_of_record
TN:
SF:controllers/notificationController.js
FN:3,(anonymous_0)
FN:6,(anonymous_1)
FN:16,(anonymous_2)
FNF:3
FNH:0
FNDA:0,(anonymous_0)
FNDA:0,(anonymous_1)
FNDA:0,(anonymous_2)
DA:1,10
DA:3,10
DA:4,0
DA:5,0
DA:6,0
DA:7,0
DA:9,0
DA:16,10
DA:17,0
DA:18,0
DA:19,0
DA:21,0
DA:28,10
LF:13
LH:4
BRF:0
BRH:0
end_of_record
TN:
SF:controllers/paymentController.js
FN:34,(anonymous_0)
FN:78,(anonymous_1)
FNF:2
FNH:0
FNDA:0,(anonymous_0)
FNDA:0,(anonymous_1)
DA:1,10
DA:6,10
DA:7,10
DA:8,10
DA:9,10
DA:10,10
DA:11,10
DA:12,10
DA:14,10
DA:16,10
DA:26,10
DA:34,10
DA:35,0
DA:36,0
DA:38,0
DA:39,0
DA:40,0
DA:43,0
DA:44,0
DA:45,0
DA:47,0
DA:48,0
DA:51,0
DA:52,0
DA:54,0
DA:55,0
DA:64,0
DA:66,0
DA:71,0
DA:78,10
DA:79,0
DA:80,0
DA:82,0
DA:83,0
DA:84,0
DA:87,0
DA:88,0
DA:89,0
DA:90,0
DA:93,0
DA:94,0
DA:95,0
DA:97,0
DA:98,0
DA:99,0
DA:100,0
DA:101,0
DA:103,0
DA:104,0
DA:106,0
DA:107,0
DA:108,0
DA:111,0
DA:117,0
DA:124,10
LF:55
LH:14
BRDA:39,0,0,0
BRDA:39,0,1,0
BRDA:44,1,0,0
BRDA:44,1,1,0
BRDA:44,2,0,0
BRDA:44,2,1,0
BRDA:47,3,0,0
BRDA:47,3,1,0
BRDA:47,4,0,0
BRDA:47,4,1,0
BRDA:54,5,0,0
BRDA:54,5,1,0
BRDA:83,6,0,0
BRDA:83,6,1,0
BRDA:89,7,0,0
BRDA:89,7,1,0
BRDA:89,8,0,0
BRDA:89,8,1,0
BRDA:94,9,0,0
BRDA:94,9,1,0
BRDA:97,10,0,0
BRDA:97,10,1,0
BRDA:97,11,0,0
BRDA:97,11,1,0
BRDA:114,12,0,0
BRDA:114,12,1,0
BRF:26
BRH:0
end_of_record
TN:
SF:controllers/reviewController.js
FN:4,(anonymous_0)
FN:11,(anonymous_1)
FN:24,(anonymous_2)
FN:48,(anonymous_3)
FNF:4
FNH:0
FNDA:0,(anonymous_0)
FNDA:0,(anonymous_1)
FNDA:0,(anonymous_2)
FNDA:0,(anonymous_3)
DA:1,10
DA:2,10
DA:4,10
DA:5,0
DA:6,0
DA:8,0
DA:11,10
DA:12,0
DA:13,0
DA:14,0
DA:15,0
DA:17,0
DA:24,10
DA:25,0
DA:26,0
DA:27,0
DA:29,0
DA:30,0
DA:33,0
DA:34,0
DA:35,0
DA:38,0
DA:39,0
DA:41,0
DA:48,10
DA:49,0
DA:50,0
DA:51,0
DA:52,0
DA:54,0
DA:56,0
DA:63,10
LF:32
LH:7
BRDA:5,0,0,0
BRDA:5,0,1,0
BRDA:15,1,0,0
BRDA:15,1,1,0
BRDA:29,2,0,0
BRDA:29,2,1,0
BRDA:29,3,0,0
BRDA:29,3,1,0
BRDA:29,3,2,0
BRDA:34,4,0,0
BRDA:34,4,1,0
BRDA:51,5,0,0
BRDA:51,5,1,0
BRF:13
BRH:0
end_of_record
TN:
SF:controllers/supportTicketController.js
FN:10,(anonymous_0)
FN:13,(anonymous_1)
FN:37,(anonymous_2)
FN:49,(anonymous_3)
FN:61,(anonymous_4)
FN:84,(anonymous_5)
FNF:6
FNH:4
FNDA:2,(anonymous_0)
FNDA:2,(anonymous_1)
FNDA:0,(anonymous_2)
FNDA:0,(anonymous_3)
FNDA:3,(anonymous_4)
FNDA:2,(anonymous_5)
DA:7,10
DA:8,10
DA:10,10
DA:11,2
DA:13,10
DA:14,2
DA:15,2
DA:17,2
DA:18,1
DA:23,1
DA:25,1
DA:30,0
DA:37,10
DA:38,0
DA:39,0
DA:40,0
DA:42,0
DA:49,10
DA:50,0
DA:51,0
DA:52,0
DA:54,0
DA:61,10
DA:62,3
DA:63,3
DA:65,3
DA:66,3
DA:67,1
DA:69,2
DA:70,1
DA:73,1
DA:75,1
DA:77,0
DA:84,10
DA:85,2
DA:86,2
DA:87,2
DA:89,2
DA:90,0
DA:93,2
DA:94,1
DA:97,1
DA:98,1
DA:99,0
DA:101,1
DA:102,0
DA:105,1
DA:106,1
DA:108,1
DA:113,0
DA:120,10
LF:51
LH:37
BRDA:11,0,0,2
BRDA:11,0,1,2
BRDA:17,1,0,1
BRDA:17,1,1,1
BRDA:17,2,0,2
BRDA:17,2,1,2
BRDA:66,3,0,1
BRDA:66,3,1,2
BRDA:69,4,0,1
BRDA:69,4,1,1
BRDA:89,5,0,0
BRDA:89,5,1,2
BRDA:93,6,0,1
BRDA:93,6,1,1
BRDA:98,7,0,0
BRDA:98,7,1,1
BRDA:101,8,0,0
BRDA:101,8,1,1
BRF:18
BRH:15
end_of_record
TN:
SF:controllers/tuitionApplicationController.js
FN:16,(anonymous_0)
FN:56,(anonymous_1)
FN:68,(anonymous_2)
FN:89,(anonymous_3)
FN:118,(anonymous_4)
FNF:5
FNH:0
FNDA:0,(anonymous_0)
FNDA:0,(anonymous_1)
FNDA:0,(anonymous_2)
FNDA:0,(anonymous_3)
FNDA:0,(anonymous_4)
DA:10,10
DA:11,10
DA:12,10
DA:13,10
DA:14,10
DA:16,10
DA:17,0
DA:18,0
DA:20,0
DA:21,0
DA:22,0
DA:24,0
DA:25,0
DA:28,0
DA:29,0
DA:30,0
DA:33,0
DA:34,0
DA:35,0
DA:38,0
DA:40,0
DA:41,0
DA:42,0
DA:44,0
DA:49,0
DA:56,10
DA:57,0
DA:58,0
DA:59,0
DA:61,0
DA:68,10
DA:69,0
DA:70,0
DA:71,0
DA:72,0
DA:73,0
DA:75,0
DA:76,0
DA:79,0
DA:80,0
DA:82,0
DA:89,10
DA:90,0
DA:91,0
DA:92,0
DA:93,0
DA:94,0
DA:97,0
DA:98,0
DA:99,0
DA:102,0
DA:103,0
DA:104,0
DA:106,0
DA:111,0
DA:118,10
DA:119,0
DA:120,0
DA:121,0
DA:122,0
DA:123,0
DA:126,0
DA:127,0
DA:128,0
DA:131,0
DA:132,0
DA:137,0
DA:144,10
LF:68
LH:11
BRDA:21,0,0,0
BRDA:21,0,1,0
BRDA:24,1,0,0
BRDA:24,1,1,0
BRDA:29,2,0,0
BRDA:29,2,1,0
BRDA:29,3,0,0
BRDA:29,3,1,0
BRDA:34,4,0,0
BRDA:34,4,1,0
BRDA:72,5,0,0
BRDA:72,5,1,0
BRDA:75,6,0,0
BRDA:75,6,1,0
BRDA:93,7,0,0
BRDA:93,7,1,0
BRDA:98,8,0,0
BRDA:98,8,1,0
BRDA:98,9,0,0
BRDA:98,9,1,0
BRDA:122,10,0,0
BRDA:122,10,1,0
BRDA:127,11,0,0
BRDA:127,11,1,0
BRDA:127,12,0,0
BRDA:127,12,1,0
BRF:26
BRH:0
end_of_record
TN:
SF:controllers/tuitionRequestController.js
FN:14,(anonymous_0)
FN:78,(anonymous_1)
FN:90,(anonymous_2)
FN:102,(anonymous_3)
FNF:4
FNH:3
FNDA:4,(anonymous_0)
FNDA:1,(anonymous_1)
FNDA:0,(anonymous_2)
FNDA:3,(anonymous_3)
DA:7,10
DA:8,10
DA:9,10
DA:11,10
DA:12,10
DA:14,10
DA:15,4
DA:25,4
DA:27,4
DA:28,1
DA:33,3
DA:34,0
DA:39,3
DA:40,1
DA:45,2
DA:46,1
DA:51,1
DA:62,1
DA:63,1
DA:64,1
DA:66,1
DA:71,0
DA:78,10
DA:79,1
DA:80,1
DA:81,1
DA:83,0
DA:90,10
DA:91,0
DA:92,0
DA:93,0
DA:95,0
DA:102,10
DA:103,3
DA:104,3
DA:105,3
DA:106,1
DA:108,2
DA:109,1
DA:112,1
DA:113,1
DA:115,0
DA:122,10
LF:43
LH:35
BRDA:27,0,0,1
BRDA:27,0,1,3
BRDA:27,1,0,4
BRDA:27,1,1,4
BRDA:27,1,2,3
BRDA:27,1,3,3
BRDA:27,1,4,3
BRDA:27,1,5,3
BRDA:33,2,0,0
BRDA:33,2,1,3
BRDA:33,3,0,3
BRDA:33,3,1,0
BRDA:39,4,0,1
BRDA:39,4,1,2
BRDA:39,5,0,3
BRDA:39,5,1,3
BRDA:45,6,0,1
BRDA:45,6,1,1
BRDA:105,7,0,1
BRDA:105,7,1,2
BRDA:105,8,0,3
BRDA:105,8,1,3
BRDA:108,9,0,1
BRDA:108,9,1,1
BRF:24
BRH:22
end_of_record
TN:
SF:controllers/tutorProfileController.js
FN:12,(anonymous_0)
FN:24,(anonymous_1)
FN:74,(anonymous_2)
FN:86,(anonymous_3)
FN:104,(anonymous_4)
FN:127,(anonymous_5)
FN:142,(anonymous_6)
FNF:7
FNH:6
FNDA:1,(anonymous_0)
FNDA:2,(anonymous_1)
FNDA:1,(anonymous_2)
FNDA:2,(anonymous_3)
FNDA:1,(anonymous_4)
FNDA:0,(anonymous_5)
FNDA:1,(anonymous_6)
DA:9,10
DA:10,10
DA:12,10
DA:13,1
DA:14,1
DA:15,1
DA:17,0
DA:24,10
DA:25,2
DA:26,2
DA:27,2
DA:29,2
DA:38,1
DA:44,1
DA:45,1
DA:46,0
DA:47,0
DA:50,1
DA:60,1
DA:67,0
DA:74,10
DA:75,1
DA:76,1
DA:77,1
DA:79,0
DA:86,10
DA:87,2
DA:88,2
DA:89,2
DA:90,1
DA:92,1
DA:97,0
DA:104,10
DA:105,1
DA:106,1
DA:107,1
DA:108,1
DA:111,0
DA:112,0
DA:113,0
DA:115,0
DA:120,0
DA:127,10
DA:128,0
DA:129,0
DA:130,0
DA:131,0
DA:133,0
DA:135,0
DA:142,10
DA:143,1
DA:144,1
DA:145,1
DA:146,1
DA:148,0
DA:150,0
DA:157,10
LF:57
LH:38
BRDA:15,0,0,1
BRDA:15,0,1,1
BRDA:29,1,0,1
BRDA:29,1,1,1
BRDA:30,2,0,2
BRDA:30,2,1,2
BRDA:30,2,2,1
BRDA:30,2,3,1
BRDA:30,2,4,1
BRDA:30,2,5,1
BRDA:30,2,6,1
BRDA:30,2,7,1
BRDA:45,3,0,0
BRDA:45,3,1,1
BRDA:61,4,0,0
BRDA:61,4,1,1
BRDA:89,5,0,1
BRDA:89,5,1,1
BRDA:107,6,0,1
BRDA:107,6,1,0
BRDA:112,7,0,0
BRDA:112,7,1,0
BRDA:130,8,0,0
BRDA:130,8,1,0
BRDA:145,9,0,1
BRDA:145,9,1,0
BRF:26
BRH:18
end_of_record
TN:
SF:controllers/userController.js
FN:29,(anonymous_0)
FN:32,(anonymous_1)
FN:107,(anonymous_2)
FN:172,(anonymous_3)
FN:228,(anonymous_4)
FN:249,(anonymous_5)
FN:293,(anonymous_6)
FN:336,(anonymous_7)
FN:394,(anonymous_8)
FN:406,(anonymous_9)
FN:436,(anonymous_10)
FNF:11
FNH:11
FNDA:3,(anonymous_0)
FNDA:7,(anonymous_1)
FNDA:5,(anonymous_2)
FNDA:6,(anonymous_3)
FNDA:2,(anonymous_4)
FNDA:3,(anonymous_5)
FNDA:3,(anonymous_6)
FNDA:4,(anonymous_7)
FNDA:2,(anonymous_8)
FNDA:3,(anonymous_9)
FNDA:2,(anonymous_10)
DA:1,10
DA:2,10
DA:11,10
DA:16,10
DA:21,10
DA:22,10
DA:23,10
DA:25,10
DA:26,10
DA:27,10
DA:29,10
DA:30,3
DA:32,10
DA:33,7
DA:34,7
DA:35,7
DA:37,7
DA:38,1
DA:43,6
DA:44,1
DA:49,5
DA:50,1
DA:55,4
DA:56,1
DA:61,3
DA:62,3
DA:63,1
DA:68,2
DA:69,2
DA:70,2
DA:72,2
DA:81,2
DA:82,2
DA:84,1
DA:85,1
DA:90,1
DA:95,0
DA:96,0
DA:100,0
DA:107,10
DA:108,5
DA:109,5
DA:110,5
DA:112,5
DA:113,1
DA:118,4
DA:119,4
DA:120,1
DA:125,3
DA:126,1
DA:127,1
DA:132,2
DA:133,1
DA:138,1
DA:139,1
DA:140,0
DA:141,0
DA:146,1
DA:152,1
DA:154,1
DA:159,0
DA:160,0
DA:161,0
DA:165,0
DA:172,10
DA:173,6
DA:174,6
DA:175,6
DA:177,6
DA:178,1
DA:183,5
DA:184,4
DA:185,1
DA:190,3
DA:191,3
DA:192,1
DA:197,2
DA:198,1
DA:203,1
DA:213,1
DA:215,1
DA:221,1
DA:228,10
DA:229,2
DA:230,2
DA:231,2
DA:232,1
DA:237,1
DA:238,1
DA:242,0
DA:249,10
DA:250,3
DA:251,3
DA:253,3
DA:254,1
DA:259,2
DA:260,0
DA:265,2
DA:266,2
DA:267,0
DA:272,2
DA:273,2
DA:274,1
DA:279,1
DA:280,1
DA:282,1
DA:286,0
DA:293,10
DA:294,3
DA:295,3
DA:297,3
DA:298,1
DA:303,2
DA:304,2
DA:305,1
DA:310,1
DA:311,1
DA:313,1
DA:315,1
DA:316,1
DA:318,0
DA:319,0
DA:324,1
DA:329,0
DA:336,10
DA:337,4
DA:338,4
DA:339,4
DA:341,4
DA:342,1
DA:347,3
DA:348,0
DA:353,3
DA:354,3
DA:355,1
DA:360,2
DA:361,0
DA:362,0
DA:367,2
DA:368,1
DA:373,1
DA:374,1
DA:375,1
DA:377,1
DA:378,0
DA:383,1
DA:387,0
DA:394,10
DA:395,2
DA:396,2
DA:397,1
DA:399,1
DA:406,10
DA:407,3
DA:408,3
DA:410,3
DA:411,3
DA:412,1
DA:417,2
DA:418,1
DA:423,1
DA:425,1
DA:429,0
DA:436,10
DA:437,2
DA:438,2
DA:440,2
DA:441,1
DA:446,1
DA:447,1
DA:448,0
DA:449,0
DA:452,1
DA:454,1
DA:459,0
DA:466,10
LF:176
LH:151
BRDA:37,0,0,1
BRDA:37,0,1,6
BRDA:37,1,0,7
BRDA:37,1,1,6
BRDA:37,1,2,6
BRDA:37,1,3,6
BRDA:43,2,0,1
BRDA:43,2,1,5
BRDA:49,3,0,1
BRDA:49,3,1,4
BRDA:55,4,0,1
BRDA:55,4,1,3
BRDA:62,5,0,1
BRDA:62,5,1,2
BRDA:95,6,0,0
BRDA:95,6,1,0
BRDA:112,7,0,1
BRDA:112,7,1,4
BRDA:112,8,0,5
BRDA:112,8,1,5
BRDA:119,9,0,1
BRDA:119,9,1,3
BRDA:125,10,0,1
BRDA:125,10,1,2
BRDA:132,11,0,1
BRDA:132,11,1,1
BRDA:139,12,0,0
BRDA:139,12,1,1
BRDA:159,13,0,0
BRDA:159,13,1,0
BRDA:177,14,0,1
BRDA:177,14,1,5
BRDA:177,15,0,6
BRDA:177,15,1,6
BRDA:184,16,0,1
BRDA:184,16,1,3
BRDA:191,17,0,1
BRDA:191,17,1,2
BRDA:197,18,0,1
BRDA:197,18,1,1
BRDA:231,19,0,1
BRDA:231,19,1,1
BRDA:253,20,0,1
BRDA:253,20,1,2
BRDA:253,21,0,3
BRDA:253,21,1,3
BRDA:259,22,0,0
BRDA:259,22,1,2
BRDA:266,23,0,0
BRDA:266,23,1,2
BRDA:273,24,0,1
BRDA:273,24,1,1
BRDA:297,25,0,1
BRDA:297,25,1,2
BRDA:304,26,0,1
BRDA:304,26,1,1
BRDA:341,27,0,1
BRDA:341,27,1,3
BRDA:341,28,0,4
BRDA:341,28,1,4
BRDA:341,28,2,3
BRDA:347,29,0,0
BRDA:347,29,1,3
BRDA:354,30,0,1
BRDA:354,30,1,2
BRDA:360,31,0,0
BRDA:360,31,1,2
BRDA:367,32,0,1
BRDA:367,32,1,1
BRDA:377,33,0,0
BRDA:377,33,1,1
BRDA:411,34,0,1
BRDA:411,34,1,2
BRDA:417,35,0,1
BRDA:417,35,1,1
BRDA:440,36,0,1
BRDA:440,36,1,1
BRDA:447,37,0,0
BRDA:447,37,1,1
BRF:79
BRH:68
end_of_record
TN:
SF:middleware/authMiddleware.js
FN:3,(anonymous_0)
FN:25,(anonymous_1)
FN:25,(anonymous_2)
FNF:3
FNH:3
FNDA:44,(anonymous_0)
FNDA:280,(anonymous_1)
FNDA:29,(anonymous_2)
DA:1,10
DA:3,10
DA:4,44
DA:6,44
DA:7,1
DA:12,43
DA:14,43
DA:15,43
DA:16,43
DA:17,43
DA:19,0
DA:25,280
DA:26,29
DA:27,0
DA:31,29
DA:34,10
LF:16
LH:14
BRDA:6,0,0,1
BRDA:6,0,1,43
BRDA:6,1,0,44
BRDA:6,1,1,43
BRDA:26,2,0,0
BRDA:26,2,1,29
BRF:6
BRH:5
end_of_record
TN:
SF:middleware/upload.js
FN:6,(anonymous_0)
FN:14,(anonymous_1)
FN:14,(anonymous_2)
FN:15,(anonymous_3)
FNF:4
FNH:1
FNDA:0,(anonymous_0)
FNDA:16,(anonymous_1)
FNDA:0,(anonymous_2)
FNDA:0,(anonymous_3)
DA:1,8
DA:3,8
DA:7,0
DA:8,0
DA:10,0
DA:14,16
DA:15,0
DA:16,0
DA:17,0
DA:19,0
DA:23,8
DA:24,8
DA:26,8
LF:13
LH:6
BRDA:7,0,0,0
BRDA:7,0,1,0
BRDA:16,1,0,0
BRDA:16,1,1,0
BRF:4
BRH:0
end_of_record
TN:
SF:models/bookingModel.js
FN:3,(anonymous_0)
FN:13,(anonymous_1)
FN:26,(anonymous_2)
FN:39,(anonymous_3)
FN:53,(anonymous_4)
FN:65,(anonymous_5)
FN:70,(anonymous_6)
FN:79,(anonymous_7)
FNF:8
FNH:0
FNDA:0,(anonymous_0)
FNDA:0,(anonymous_1)
FNDA:0,(anonymous_2)
FNDA:0,(anonymous_3)
FNDA:0,(anonymous_4)
FNDA:0,(anonymous_5)
FNDA:0,(anonymous_6)
FNDA:0,(anonymous_7)
DA:1,9
DA:3,9
DA:4,0
DA:10,0
DA:13,9
DA:14,0
DA:23,0
DA:26,9
DA:27,0
DA:36,0
DA:39,9
DA:40,0
DA:50,0
DA:53,9
DA:54,0
DA:62,0
DA:65,9
DA:66,0
DA:67,0
DA:70,9
DA:71,0
DA:76,0
DA:79,9
DA:80,0
DA:85,0
DA:88,9
LF:26
LH:10
BRF:0
BRH:0
end_of_record
TN:
SF:models/chatModel.js
FN:3,(anonymous_0)
FN:13,(anonymous_1)
FNF:2
FNH:0
FNDA:0,(anonymous_0)
FNDA:0,(anonymous_1)
DA:1,10
DA:3,10
DA:4,0
DA:10,0
DA:13,10
DA:14,0
DA:20,0
DA:23,10
LF:8
LH:4
BRF:0
BRH:0
end_of_record
TN:
SF:models/notificationModel.js
FN:3,(anonymous_0)
FN:11,(anonymous_1)
FN:21,(anonymous_2)
FN:29,(anonymous_3)
FNF:4
FNH:0
FNDA:0,(anonymous_0)
FNDA:0,(anonymous_1)
FNDA:0,(anonymous_2)
FNDA:0,(anonymous_3)
DA:1,8
DA:3,8
DA:4,0
DA:8,0
DA:11,8
DA:12,0
DA:18,0
DA:21,8
DA:22,0
DA:26,0
DA:29,8
DA:30,0
DA:36,8
LF:13
LH:6
BRF:0
BRH:0
end_of_record
TN:
SF:models/otpModel.js
FN:3,(anonymous_0)
FN:28,(anonymous_1)
FN:36,(anonymous_2)
FNF:3
FNH:0
FNDA:0,(anonymous_0)
FNDA:0,(anonymous_1)
FNDA:0,(anonymous_2)
DA:1,8
DA:3,8
DA:11,0
DA:25,0
DA:28,8
DA:29,0
DA:33,0
DA:36,8
DA:37,0
DA:42,8
LF:10
LH:5
BRF:0
BRH:0
end_of_record
TN:
SF:models/passwordResetModel.js
FN:3,(anonymous_0)
FN:18,(anonymous_1)
FN:26,(anonymous_2)
FNF:3
FNH:0
FNDA:0,(anonymous_0)
FNDA:0,(anonymous_1)
FNDA:0,(anonymous_2)
DA:1,9
DA:3,9
DA:4,0
DA:15,0
DA:18,9
DA:19,0
DA:23,0
DA:26,9
DA:27,0
DA:30,9
LF:10
LH:5
BRF:0
BRH:0
end_of_record
TN:
SF:models/paymentModel.js
FN:3,(anonymous_0)
FN:13,(anonymous_1)
FN:21,(anonymous_2)
FN:26,(anonymous_3)
FNF:4
FNH:0
FNDA:0,(anonymous_0)
FNDA:0,(anonymous_1)
FNDA:0,(anonymous_2)
FNDA:0,(anonymous_3)
DA:1,10
DA:3,10
DA:4,0
DA:10,0
DA:13,10
DA:14,0
DA:18,0
DA:21,10
DA:22,0
DA:23,0
DA:26,10
DA:27,0
DA:32,0
DA:35,10
LF:14
LH:6
BRDA:30,0,0,0
BRDA:30,0,1,0
BRF:2
BRH:0
end_of_record
TN:
SF:models/reviewModel.js
FN:3,(anonymous_0)
FN:15,(anonymous_1)
FN:23,(anonymous_2)
FNF:3
FNH:0
FNDA:0,(anonymous_0)
FNDA:0,(anonymous_1)
FNDA:0,(anonymous_2)
DA:1,10
DA:3,10
DA:4,0
DA:12,0
DA:15,10
DA:16,0
DA:20,0
DA:23,10
DA:24,0
DA:28,0
DA:31,10
LF:11
LH:5
BRDA:10,0,0,0
BRDA:10,0,1,0
BRF:2
BRH:0
end_of_record
TN:
SF:models/supportTicketModel.js
FN:3,(anonymous_0)
FN:13,(anonymous_1)
FN:21,(anonymous_2)
FN:31,(anonymous_3)
FN:42,(anonymous_4)
FNF:5
FNH:0
FNDA:0,(anonymous_0)
FNDA:0,(anonymous_1)
FNDA:0,(anonymous_2)
FNDA:0,(anonymous_3)
FNDA:0,(anonymous_4)
DA:1,9
DA:3,9
DA:4,0
DA:10,0
DA:13,9
DA:14,0
DA:18,0
DA:21,9
DA:22,0
DA:28,0
DA:31,9
DA:32,0
DA:39,0
DA:42,9
DA:43,0
DA:47,0
DA:50,9
LF:17
LH:7
BRF:0
BRH:0
end_of_record
TN:
SF:models/ticketMessageModel.js
FN:3,(anonymous_0)
FN:13,(anonymous_1)
FNF:2
FNH:0
FNDA:0,(anonymous_0)
FNDA:0,(anonymous_1)
DA:1,9
DA:3,9
DA:4,0
DA:10,0
DA:13,9
DA:14,0
DA:22,0
DA:25,9
LF:8
LH:4
BRF:0
BRH:0
end_of_record
TN:
SF:models/tuitionApplicationModel.js
FN:3,(anonymous_0)
FN:13,(anonymous_1)
FN:21,(anonymous_2)
FN:37,(anonymous_3)
FN:53,(anonymous_4)
FN:61,(anonymous_5)
FN:70,(anonymous_6)
FN:79,(anonymous_7)
FNF:8
FNH:0
FNDA:0,(anonymous_0)
FNDA:0,(anonymous_1)
FNDA:0,(anonymous_2)
FNDA:0,(anonymous_3)
FNDA:0,(anonymous_4)
FNDA:0,(anonymous_5)
FNDA:0,(anonymous_6)
FNDA:0,(anonymous_7)
DA:1,10
DA:3,10
DA:4,0
DA:10,0
DA:13,10
DA:14,0
DA:18,0
DA:21,10
DA:22,0
DA:34,0
DA:37,10
DA:38,0
DA:50,0
DA:53,10
DA:54,0
DA:58,0
DA:61,10
DA:62,0
DA:67,0
DA:70,10
DA:71,0
DA:76,0
DA:79,10
DA:80,0
DA:87,10
LF:25
LH:10
BRF:0
BRH:0
end_of_record
TN:
SF:models/tuitionRequestModel.js
FN:3,(anonymous_0)
FN:35,(anonymous_1)
FN:48,(anonymous_2)
FN:62,(anonymous_3)
FN:70,(anonymous_4)
FN:78,(anonymous_5)
FNF:6
FNH:0
FNDA:0,(anonymous_0)
FNDA:0,(anonymous_1)
FNDA:0,(anonymous_2)
FNDA:0,(anonymous_3)
FNDA:0,(anonymous_4)
FNDA:0,(anonymous_5)
DA:1,9
DA:3,9
DA:13,0
DA:15,0
DA:32,0
DA:35,9
DA:36,0
DA:45,0
DA:48,9
DA:49,0
DA:59,0
DA:62,9
DA:63,0
DA:67,0
DA:70,9
DA:71,0
DA:75,0
DA:78,9
DA:79,0
DA:83,0
DA:86,9
LF:21
LH:8
BRDA:25,0,0,0
BRDA:25,0,1,0
BRDA:28,1,0,0
BRDA:28,1,1,0
BRDA:29,2,0,0
BRDA:29,2,1,0
BRF:6
BRH:0
end_of_record
TN:
SF:models/tutorProfileModel.js
FN:3,(anonymous_0)
FN:11,(anonymous_1)
FN:42,(anonymous_2)
FN:52,(anonymous_3)
FN:61,(anonymous_4)
FN:70,(anonymous_5)
FN:78,(anonymous_6)
FNF:7
FNH:0
FNDA:0,(anonymous_0)
FNDA:0,(anonymous_1)
FNDA:0,(anonymous_2)
FNDA:0,(anonymous_3)
FNDA:0,(anonymous_4)
FNDA:0,(anonymous_5)
FNDA:0,(anonymous_6)
DA:1,9
DA:3,9
DA:4,0
DA:8,0
DA:11,9
DA:12,0
DA:14,0
DA:39,0
DA:42,9
DA:43,0
DA:49,0
DA:52,9
DA:53,0
DA:58,0
DA:61,9
DA:62,0
DA:67,0
DA:70,9
DA:71,0
DA:75,0
DA:78,9
DA:79,0
DA:83,0
DA:86,9
LF:24
LH:9
BRDA:37,0,0,0
BRDA:37,0,1,0
BRF:2
BRH:0
end_of_record
TN:
SF:models/userModel.js
FN:3,(anonymous_0)
FN:10,(anonymous_1)
FN:20,(anonymous_2)
FN:29,(anonymous_3)
FN:36,(anonymous_4)
FN:44,(anonymous_5)
FN:52,(anonymous_6)
FN:60,(anonymous_7)
FNF:8
FNH:0
FNDA:0,(anonymous_0)
FNDA:0,(anonymous_1)
FNDA:0,(anonymous_2)
FNDA:0,(anonymous_3)
FNDA:0,(anonymous_4)
FNDA:0,(anonymous_5)
FNDA:0,(anonymous_6)
FNDA:0,(anonymous_7)
DA:1,4
DA:3,4
DA:4,0
DA:7,0
DA:10,4
DA:11,0
DA:17,0
DA:20,4
DA:21,0
DA:26,0
DA:29,4
DA:30,0
DA:33,0
DA:36,4
DA:37,0
DA:41,0
DA:44,4
DA:45,0
DA:49,0
DA:52,4
DA:53,0
DA:57,0
DA:60,4
DA:61,0
DA:62,0
DA:67,0
DA:70,0
DA:75,0
DA:78,4
LF:29
LH:10
BRDA:61,0,0,0
BRDA:61,0,1,0
BRF:2
BRH:0
end_of_record
TN:
SF:routes/bookingRoutes.js
FNF:0
FNH:0
DA:1,10
DA:2,10
DA:9,10
DA:10,10
DA:12,10
DA:13,10
DA:14,10
DA:15,10
DA:16,10
DA:18,10
LF:10
LH:10
BRF:0
BRH:0
end_of_record
TN:
SF:routes/chatRoutes.js
FNF:0
FNH:0
DA:1,10
DA:2,10
DA:3,10
DA:4,10
DA:6,10
DA:7,10
DA:9,10
LF:7
LH:7
BRF:0
BRH:0
end_of_record
TN:
SF:routes/notificationRoutes.js
FNF:0
FNH:0
DA:1,10
DA:2,10
DA:3,10
DA:4,10
DA:6,10
DA:7,10
DA:9,10
LF:7
LH:7
BRF:0
BRH:0
end_of_record
TN:
SF:routes/paymentRoutes.js
FNF:0
FNH:0
DA:1,10
DA:2,10
DA:3,10
DA:4,10
DA:6,10
DA:7,10
DA:9,10
LF:7
LH:7
BRF:0
BRH:0
end_of_record
TN:
SF:routes/reviewRoutes.js
FNF:0
FNH:0
DA:1,10
DA:2,10
DA:3,10
DA:4,10
DA:6,10
DA:7,10
DA:8,10
DA:10,10
LF:8
LH:8
BRF:0
BRH:0
end_of_record
TN:
SF:routes/supportTicketRoutes.js
FNF:0
FNH:0
DA:1,10
DA:2,10
DA:9,10
DA:10,10
DA:12,10
DA:13,10
DA:14,10
DA:15,10
DA:16,10
DA:18,10
LF:10
LH:10
BRF:0
BRH:0
end_of_record
TN:
SF:routes/tuitionRequestRoutes.js
FNF:0
FNH:0
DA:1,10
DA:2,10
DA:3,10
DA:10,10
DA:11,10
DA:13,10
DA:14,10
DA:15,10
DA:16,10
DA:18,10
DA:19,10
DA:20,10
DA:21,10
DA:22,10
DA:24,10
LF:15
LH:15
BRF:0
BRH:0
end_of_record
TN:
SF:routes/tutorProfileRoutes.js
FNF:0
FNH:0
DA:1,10
DA:2,10
DA:11,10
DA:12,10
DA:13,10
DA:15,10
DA:16,10
DA:17,10
DA:19,10
DA:20,10
DA:21,10
DA:22,10
DA:24,10
LF:13
LH:13
BRF:0
BRH:0
end_of_record
TN:
SF:routes/userRoutes.js
FNF:0
FNH:0
DA:1,10
DA:2,10
DA:14,10
DA:15,10
DA:16,10
DA:18,10
DA:19,10
DA:20,10
DA:21,10
DA:22,10
DA:23,10
DA:24,10
DA:25,10
DA:26,10
DA:27,10
DA:29,10
LF:16
LH:16
BRF:0
BRH:0
end_of_record
TN:
SF:services/cloudinaryService.js
FN:3,(anonymous_0)
FN:4,(anonymous_1)
FN:5,(anonymous_2)
FN:13,(anonymous_3)
FN:14,(anonymous_4)
FNF:5
FNH:0
FNDA:0,(anonymous_0)
FNDA:0,(anonymous_1)
FNDA:0,(anonymous_2)
FNDA:0,(anonymous_3)
FNDA:0,(anonymous_4)
DA:1,10
DA:3,10
DA:4,0
DA:5,0
DA:6,0
DA:7,0
DA:9,0
DA:13,10
DA:14,10
DA:16,10
LF:10
LH:5
BRDA:6,0,0,0
BRDA:6,0,1,0
BRF:2
BRH:0
end_of_record
TN:
SF:services/emailService.js
FN:11,(anonymous_0)
FN:20,(anonymous_1)
FNF:2
FNH:0
FNDA:0,(anonymous_0)
FNDA:0,(anonymous_1)
DA:1,8
DA:3,8
DA:11,8
DA:12,0
DA:20,8
DA:21,0
DA:29,8
LF:7
LH:5
BRF:0
BRH:0
end_of_record
TN:
SF:services/khaltiService.js
FN:3,(anonymous_0)
FN:20,(anonymous_1)
FN:31,(anonymous_2)
FNF:3
FNH:0
FNDA:0,(anonymous_0)
FNDA:0,(anonymous_1)
FNDA:0,(anonymous_2)
DA:1,10
DA:3,10
DA:4,0
DA:13,0
DA:14,0
DA:15,0
DA:17,0
DA:20,10
DA:21,0
DA:31,10
DA:32,0
DA:35,10
LF:12
LH:5
BRDA:1,0,0,10
BRDA:1,0,1,0
BRDA:14,1,0,0
BRDA:14,1,1,0
BRDA:15,2,0,0
BRDA:15,2,1,0
BRF:6
BRH:1
end_of_record
TN:
SF:services/socketService.js
FN:6,(anonymous_0)
FN:11,(anonymous_1)
FN:24,(anonymous_2)
FN:32,(anonymous_3)
FN:36,(anonymous_4)
FNF:5
FNH:1
FNDA:8,(anonymous_0)
FNDA:0,(anonymous_1)
FNDA:0,(anonymous_2)
FNDA:0,(anonymous_3)
FNDA:0,(anonymous_4)
DA:1,8
DA:2,8
DA:4,8
DA:6,8
DA:7,8
DA:11,8
DA:12,0
DA:13,0
DA:15,0
DA:16,0
DA:17,0
DA:18,0
DA:20,0
DA:24,8
DA:25,0
DA:26,0
DA:29,8
DA:32,8
DA:33,0
DA:36,8
DA:37,0
DA:40,8
LF:22
LH:11
BRDA:13,0,0,0
BRDA:13,0,1,0
BRDA:33,1,0,0
BRDA:33,1,1,0
BRDA:37,2,0,0
BRDA:37,2,1,0
BRF:6
BRH:0
end_of_record
